Log file open, 02/01/22 19:06:34
LogWindows: Failed to load 'aqProf.dll' (GetLastError=126)
LogWindows: File 'aqProf.dll' does not exist
LogWindows: Failed to load 'VtuneApi.dll' (GetLastError=126)
LogWindows: File 'VtuneApi.dll' does not exist
LogWindows: Failed to load 'VtuneApi32e.dll' (GetLastError=126)
LogWindows: File 'VtuneApi32e.dll' does not exist
LogConsoleResponse: Display: Failed to find resolution value strings in scalability ini. Falling back to default.
LogConsoleResponse: Display: Failed to find resolution value strings in scalability ini. Falling back to default.
LogInit: Display: Running engine for game: NewProject
LogPlatformFile: Not using cached read wrapper
LogTaskGraph: Started task graph with 5 named threads and 47 total threads with 3 sets of task threads.
LogStats: Stats thread started at 0.194400
LogICUInternationalization: ICU TimeZone Detection - Raw Offset: -5:00, Platform Override: ''
LogInit: Display: Loading text-based GConfig....
LogPluginManager: Mounting plugin MeshPainting
LogPluginManager: Mounting plugin XGEController
LogPluginManager: Mounting plugin AISupport
LogPluginManager: Mounting plugin Paper2D
LogPluginManager: Mounting plugin EnvironmentQueryEditor
LogPluginManager: Mounting plugin LightPropagationVolume
LogPluginManager: Mounting plugin CameraShakePreviewer
LogPluginManager: Mounting plugin LiveLink
LogPluginManager: Mounting plugin GameplayCameras
LogPluginManager: Mounting plugin AssetManagerEditor
LogPluginManager: Mounting plugin OodleData
LogPluginManager: Mounting plugin OodleNetwork
LogPluginManager: Mounting plugin CryptoKeys
LogPluginManager: Mounting plugin DataValidation
LogPluginManager: Mounting plugin FacialAnimation
LogPluginManager: Mounting plugin GeometryMode
LogPluginManager: Mounting plugin CurveEditorTools
LogPluginManager: Mounting plugin GameplayTagsEditor
LogPluginManager: Mounting plugin MacGraphicsSwitching
LogPluginManager: Mounting plugin MaterialAnalyzer
LogPluginManager: Mounting plugin SpeedTreeImporter
LogPluginManager: Mounting plugin MobileLauncherProfileWizard
LogPluginManager: Mounting plugin PluginBrowser
LogPluginManager: Mounting plugin AnimationSharing
LogPluginManager: Mounting plugin DatasmithContent
LogPluginManager: Mounting plugin CLionSourceCodeAccess
LogPluginManager: Mounting plugin CodeLiteSourceCodeAccess
LogPluginManager: Mounting plugin VariantManagerContent
LogPluginManager: Mounting plugin KDevelopSourceCodeAccess
LogPluginManager: Mounting plugin NullSourceCodeAccess
LogPluginManager: Mounting plugin GitSourceControl
LogPluginManager: Mounting plugin PerforceSourceControl
LogPluginManager: Mounting plugin PixWinPlugin
LogPluginManager: Mounting plugin PlasticSourceControl
LogPluginManager: Mounting plugin PropertyAccessNode
LogPluginManager: Mounting plugin RiderSourceCodeAccess
LogPluginManager: Mounting plugin SubversionSourceControl
LogPluginManager: Mounting plugin TextureFormatOodle
LogPluginManager: Mounting plugin VisualStudioSourceCodeAccess
LogPluginManager: Mounting plugin UObjectPlugin
LogPluginManager: Mounting plugin XCodeSourceCodeAccess
LogPluginManager: Mounting plugin PluginUtils
LogPluginManager: Mounting plugin AlembicImporter
LogPluginManager: Mounting plugin AutomationUtils
LogPluginManager: Mounting plugin BackChannel
LogPluginManager: Mounting plugin ChaosCloth
LogPluginManager: Mounting plugin ChaosClothEditor
LogPluginManager: Mounting plugin ChaosEditor
LogPluginManager: Mounting plugin ChaosNiagara
LogPluginManager: Mounting plugin VisualStudioCodeSourceCodeAccess
LogPluginManager: Mounting plugin ChaosSolverPlugin
LogPluginManager: Mounting plugin CharacterAI
LogPluginManager: Mounting plugin GeometryCache
LogPluginManager: Mounting plugin GeometryCollectionPlugin
LogPluginManager: Mounting plugin OpenImageDenoise
LogPluginManager: Mounting plugin MotoSynth
LogPluginManager: Mounting plugin GeometryProcessing
LogPluginManager: Mounting plugin PlanarCut
LogPluginManager: Mounting plugin PlatformCrypto
LogPluginManager: Mounting plugin ProxyLODPlugin
LogPluginManager: Mounting plugin PythonScriptPlugin
LogPluginManager: Mounting plugin SkeletalReduction
LogPluginManager: Mounting plugin LuminPlatformFeatures
LogPluginManager: Mounting plugin MagicLeap
LogPluginManager: Mounting plugin MagicLeapLightEstimation
LogPluginManager: Mounting plugin MagicLeapMedia
LogPluginManager: Mounting plugin AndroidMedia
LogPluginManager: Mounting plugin MagicLeapPassableWorld
LogPluginManager: Mounting plugin MLSDK
LogPluginManager: Mounting plugin AvfMedia
LogPluginManager: Mounting plugin ImgMedia
LogPluginManager: Mounting plugin MediaCompositing
LogPluginManager: Mounting plugin MediaPlayerEditor
LogPluginManager: Mounting plugin WebMMedia
LogPluginManager: Mounting plugin WmfMedia
LogPluginManager: Mounting plugin MatineeToLevelSequence
LogPluginManager: Mounting plugin ActorSequence
LogPluginManager: Mounting plugin LevelSequenceEditor
LogPluginManager: Mounting plugin TemplateSequence
LogPluginManager: Mounting plugin TcpMessaging
LogPluginManager: Mounting plugin UdpMessaging
LogPluginManager: Mounting plugin OnlineSubsystem
LogPluginManager: Mounting plugin OnlineSubsystemNull
LogPluginManager: Mounting plugin OnlineSubsystemUtils
LogPluginManager: Mounting plugin LauncherChunkInstaller
LogPluginManager: Mounting plugin ActorLayerUtilities
LogPluginManager: Mounting plugin AndroidMoviePlayer
LogPluginManager: Mounting plugin AndroidPermission
LogPluginManager: Mounting plugin AppleImageUtils
LogPluginManager: Mounting plugin AndroidDeviceProfileSelector
LogPluginManager: Mounting plugin AppleMoviePlayer
LogPluginManager: Mounting plugin ArchVisCharacter
LogPluginManager: Mounting plugin AssetTags
LogPluginManager: Mounting plugin AudioCapture
LogPluginManager: Mounting plugin AudioSynesthesia
LogPluginManager: Mounting plugin CableComponent
LogPluginManager: Mounting plugin CustomMeshComponent
LogPluginManager: Mounting plugin ChunkDownloader
LogPluginManager: Mounting plugin EditableMesh
LogPluginManager: Mounting plugin ExampleDeviceProfileSelector
LogPluginManager: Mounting plugin GoogleCloudMessaging
LogPluginManager: Mounting plugin GooglePAD
LogPluginManager: Mounting plugin ScreenshotTools
LogPluginManager: Mounting plugin IOSDeviceProfileSelector
LogPluginManager: Mounting plugin LinuxDeviceProfileSelector
LogPluginManager: Mounting plugin MobilePatchingUtils
LogPluginManager: Mounting plugin LocationServicesBPLibrary
LogPluginManager: Mounting plugin OpenXR
LogPluginManager: Mounting plugin OpenXREyeTracker
LogPluginManager: Mounting plugin OpenXRHandTracking
LogPluginManager: Mounting plugin PhysXVehicles
LogPluginManager: Mounting plugin Takes
LogPluginManager: Mounting plugin PostSplashScreen
LogPluginManager: Mounting plugin PropertyAccessEditor
LogPluginManager: Mounting plugin ProceduralMeshComponent
LogPluginManager: Mounting plugin RuntimePhysXCooking
LogPluginManager: Mounting plugin SoundFields
LogPluginManager: Mounting plugin SignificanceManager
LogPluginManager: Mounting plugin Synthesis
LogPluginManager: Mounting plugin WebMMoviePlayer
LogPluginManager: Mounting plugin WindowsMoviePlayer
LogPluginManager: Mounting plugin Niagara
LogPluginManager: Mounting plugin ContentBrowserAssetDataSource
LogPluginManager: Mounting plugin ContentBrowserClassDataSource
LogPluginManager: Mounting plugin ContentBrowserFileDataSource
LogPluginManager: Mounting plugin OnlineSubsystemGooglePlay
LogPluginManager: Mounting plugin OnlineSubsystemIOS
LogPluginManager: Mounting plugin OculusVR
LogPluginManager: Mounting plugin SteamVR
PixWinPlugin: PIX capture plugin failed to initialize! Check that the process is launched from PIX.
LogInit: Using libcurl 7.55.1-DEV
LogInit:  - built for x86_64-pc-win32
LogInit:  - supports SSL with OpenSSL/1.1.1
LogInit:  - supports HTTP deflate (compression) using libz 1.2.8
LogInit:  - other features:
LogInit:      CURL_VERSION_SSL
LogInit:      CURL_VERSION_LIBZ
LogInit:      CURL_VERSION_IPV6
LogInit:      CURL_VERSION_ASYNCHDNS
LogInit:      CURL_VERSION_LARGEFILE
LogInit:      CURL_VERSION_IDN
LogInit:  CurlRequestOptions (configurable via config and command line):
LogInit:  - bVerifyPeer = true  - Libcurl will verify peer certificate
LogInit:  - bUseHttpProxy = false  - Libcurl will NOT use HTTP proxy
LogInit:  - bDontReuseConnections = false  - Libcurl will reuse connections
LogInit:  - MaxHostConnections = 16  - Libcurl will limit the number of connections to a host
LogInit:  - LocalHostAddr = Default
LogInit:  - BufferSize = 65536
LogOnline: OSS: Creating online subsystem instance for: NULL
LogInit: WinSock: version 1.1 (2.2), MaxSocks=32767, MaxUdp=65467
LogOnline: OSS: TryLoadSubsystemAndSetDefault: Loaded subsystem for module [NULL]
LogOculusPluginWrapper: OculusPlugin initialized successfully
LogHMD: Failed initializing OVRPlugin 1.59.0
LogInit: Build: ++UE4+Release-4.27-CL-18319896
LogInit: Engine Version: 4.27.2-18319896+++UE4+Release-4.27
LogInit: Compatible Engine Version: 4.27.0-17155196+++UE4+Release-4.27
LogInit: Net CL: 17155196
LogInit: OS: Windows 10 (Release 2009) (), CPU: Intel(R) Core(TM) i9-9900K CPU @ 3.60GHz, GPU: NVIDIA GeForce RTX 2080 SUPER
LogInit: Compiled (64-bit): Nov 30 2021 07:12:08
LogInit: Compiled with Visual C++: 19.24.28315.00
LogInit: Build Configuration: Development
LogInit: Branch Name: ++UE4+Release-4.27
LogInit: Command Line:  -EpicPortal -epicusername=ProfessorBrickkeeper -epicuserid=0e3a17cf0acc485ebc532f0aac3bb775 -epiclocale=en -epicsandboxid=ue
LogInit: Base Directory: C:/Program Files/Epic Games/UE_4.27/Engine/Binaries/Win64/
LogInit: Allocator: TBB
LogInit: Installed Engine Build: 1
LogDevObjectVersion: Number of dev versions registered: 29
LogDevObjectVersion:   Dev-Blueprints (B0D832E4-1F89-4F0D-ACCF-7EB736FD4AA2): 10
LogDevObjectVersion:   Dev-Build (E1C64328-A22C-4D53-A36C-8E866417BD8C): 0
LogDevObjectVersion:   Dev-Core (375EC13C-06E4-48FB-B500-84F0262A717E): 4
LogDevObjectVersion:   Dev-Editor (E4B068ED-F494-42E9-A231-DA0B2E46BB41): 40
LogDevObjectVersion:   Dev-Framework (CFFC743F-43B0-4480-9391-14DF171D2073): 37
LogDevObjectVersion:   Dev-Mobile (B02B49B5-BB20-44E9-A304-32B752E40360): 3
LogDevObjectVersion:   Dev-Networking (A4E4105C-59A1-49B5-A7C5-40C4547EDFEE): 0
LogDevObjectVersion:   Dev-Online (39C831C9-5AE6-47DC-9A44-9C173E1C8E7C): 0
LogDevObjectVersion:   Dev-Physics (78F01B33-EBEA-4F98-B9B4-84EACCB95AA2): 14
LogDevObjectVersion:   Dev-Platform (6631380F-2D4D-43E0-8009-CF276956A95A): 0
LogDevObjectVersion:   Dev-Rendering (12F88B9F-8875-4AFC-A67C-D90C383ABD29): 45
LogDevObjectVersion:   Dev-Sequencer (7B5AE74C-D270-4C10-A958-57980B212A5A): 13
LogDevObjectVersion:   Dev-VR (D7296918-1DD6-4BDD-9DE2-64A83CC13884): 3
LogDevObjectVersion:   Dev-LoadTimes (C2A15278-BFE7-4AFE-6C17-90FF531DF755): 1
LogDevObjectVersion:   Private-Geometry (6EACA3D4-40EC-4CC1-B786-8BED09428FC5): 3
LogDevObjectVersion:   Dev-AnimPhys (29E575DD-E0A3-4627-9D10-D276232CDCEA): 17
LogDevObjectVersion:   Dev-Anim (AF43A65D-7FD3-4947-9873-3E8ED9C1BB05): 15
LogDevObjectVersion:   Dev-ReflectionCapture (6B266CEC-1EC7-4B8F-A30B-E4D90942FC07): 1
LogDevObjectVersion:   Dev-Automation (0DF73D61-A23F-47EA-B727-89E90C41499A): 1
LogDevObjectVersion:   FortniteMain (601D1886-AC64-4F84-AA16-D3DE0DEAC7D6): 47
LogDevObjectVersion:   FortniteRelease (E7086368-6B23-4C58-8439-1B7016265E91): 1
LogDevObjectVersion:   Dev-Enterprise (9DFFBCD6-494F-0158-E221-12823C92A888): 10
LogDevObjectVersion:   Dev-Niagara (F2AED0AC-9AFE-416F-8664-AA7FFA26D6FC): 1
LogDevObjectVersion:   Dev-Destruction (174F1F0B-B4C6-45A5-B13F-2EE8D0FB917D): 10
LogDevObjectVersion:   Dev-Physics-Ext (35F94A83-E258-406C-A318-09F59610247C): 41
LogDevObjectVersion:   Dev-PhysicsMaterial-Chaos (B68FC16E-8B1B-42E2-B453-215C058844FE): 1
LogDevObjectVersion:   Dev-CineCamera (B2E18506-4273-CFC2-A54E-F4BB758BBA07): 1
LogDevObjectVersion:   Dev-VirtualProduction (64F58936-FD1B-42BA-BA96-7289D5D0FA4E): 1
LogDevObjectVersion:   Dev-MediaFramework (6F0ED827-A609-4895-9C91-998D90180EA4): 2
LogInit: Presizing for max 25165824 objects, including 0 objects not considered by GC, pre-allocating 0 bytes for permanent pool.
LogConfig: Applying CVar settings from Section [/Script/Engine.StreamingSettings] File [C:/Users/bdavies/git/test-repo-2/NewProject/Saved/Config/Windows/Engine.ini]
LogConfig: Setting CVar [[s.MinBulkDataSizeForAsyncLoading:131072]]
LogConfig: Setting CVar [[s.AsyncLoadingThreadEnabled:0]]
LogConfig: Setting CVar [[s.EventDrivenLoaderEnabled:1]]
LogConfig: Setting CVar [[s.WarnIfTimeLimitExceeded:0]]
LogConfig: Setting CVar [[s.TimeLimitExceededMultiplier:1.5]]
LogConfig: Setting CVar [[s.TimeLimitExceededMinTime:0.005]]
LogConfig: Setting CVar [[s.UseBackgroundLevelStreaming:1]]
LogConfig: Setting CVar [[s.PriorityAsyncLoadingExtraTime:15.0]]
LogConfig: Setting CVar [[s.LevelStreamingActorsUpdateTimeLimit:5.0]]
LogConfig: Setting CVar [[s.PriorityLevelStreamingActorsUpdateExtraTime:5.0]]
LogConfig: Setting CVar [[s.LevelStreamingComponentsRegistrationGranularity:10]]
LogConfig: Setting CVar [[s.UnregisterComponentsTimeLimit:1.0]]
LogConfig: Setting CVar [[s.LevelStreamingComponentsUnregistrationGranularity:5]]
LogConfig: Setting CVar [[s.FlushStreamingOnExit:1]]
LogInit: Object subsystem initialized
LogConfig: Setting CVar [[con.DebugEarlyDefault:1]]
LogConfig: Setting CVar [[r.setres:1280x720]]
[2022.02.02-00.06.35:212][  0]LogConfig: Setting CVar [[r.VSync:0]]
[2022.02.02-00.06.35:212][  0]LogConfig: Setting CVar [[r.RHICmdBypass:0]]
[2022.02.02-00.06.35:212][  0]LogConfig: Applying CVar settings from Section [/Script/Engine.RendererSettings] File [C:/Users/bdavies/git/test-repo-2/NewProject/Saved/Config/Windows/Engine.ini]
[2022.02.02-00.06.35:212][  0]LogConfig: Setting CVar [[r.GPUCrashDebugging:0]]
[2022.02.02-00.06.35:212][  0]LogConfig: Applying CVar settings from Section [/Script/Engine.RendererOverrideSettings] File [C:/Users/bdavies/git/test-repo-2/NewProject/Saved/Config/Windows/Engine.ini]
[2022.02.02-00.06.35:212][  0]LogConfig: Applying CVar settings from Section [/Script/Engine.StreamingSettings] File [C:/Users/bdavies/git/test-repo-2/NewProject/Saved/Config/Windows/Engine.ini]
[2022.02.02-00.06.35:212][  0]LogConfig: Setting CVar [[s.MinBulkDataSizeForAsyncLoading:131072]]
[2022.02.02-00.06.35:212][  0]LogConfig: Setting CVar [[s.AsyncLoadingThreadEnabled:0]]
[2022.02.02-00.06.35:212][  0]LogConfig: Setting CVar [[s.EventDrivenLoaderEnabled:1]]
[2022.02.02-00.06.35:212][  0]LogConfig: Setting CVar [[s.WarnIfTimeLimitExceeded:0]]
[2022.02.02-00.06.35:212][  0]LogConfig: Setting CVar [[s.TimeLimitExceededMultiplier:1.5]]
[2022.02.02-00.06.35:212][  0]LogConfig: Setting CVar [[s.TimeLimitExceededMinTime:0.005]]
[2022.02.02-00.06.35:212][  0]LogConfig: Setting CVar [[s.UseBackgroundLevelStreaming:1]]
[2022.02.02-00.06.35:212][  0]LogConfig: Setting CVar [[s.PriorityAsyncLoadingExtraTime:15.0]]
[2022.02.02-00.06.35:212][  0]LogConfig: Setting CVar [[s.LevelStreamingActorsUpdateTimeLimit:5.0]]
[2022.02.02-00.06.35:212][  0]LogConfig: Setting CVar [[s.PriorityLevelStreamingActorsUpdateExtraTime:5.0]]
[2022.02.02-00.06.35:212][  0]LogConfig: Setting CVar [[s.LevelStreamingComponentsRegistrationGranularity:10]]
[2022.02.02-00.06.35:212][  0]LogConfig: Setting CVar [[s.UnregisterComponentsTimeLimit:1.0]]
[2022.02.02-00.06.35:212][  0]LogConfig: Setting CVar [[s.LevelStreamingComponentsUnregistrationGranularity:5]]
[2022.02.02-00.06.35:212][  0]LogConfig: Setting CVar [[s.FlushStreamingOnExit:1]]
[2022.02.02-00.06.35:212][  0]LogConfig: Applying CVar settings from Section [/Script/Engine.GarbageCollectionSettings] File [C:/Users/bdavies/git/test-repo-2/NewProject/Saved/Config/Windows/Engine.ini]
[2022.02.02-00.06.35:212][  0]LogConfig: Setting CVar [[gc.MaxObjectsNotConsideredByGC:1]]
[2022.02.02-00.06.35:212][  0]LogConfig: Setting CVar [[gc.SizeOfPermanentObjectPool:0]]
[2022.02.02-00.06.35:212][  0]LogConfig: Setting CVar [[gc.FlushStreamingOnGC:0]]
[2022.02.02-00.06.35:212][  0]LogConfig: Setting CVar [[gc.NumRetriesBeforeForcingGC:10]]
[2022.02.02-00.06.35:212][  0]LogConfig: Setting CVar [[gc.AllowParallelGC:1]]
[2022.02.02-00.06.35:212][  0]LogConfig: Setting CVar [[gc.TimeBetweenPurgingPendingKillObjects:61.1]]
[2022.02.02-00.06.35:212][  0]LogConfig: Setting CVar [[gc.MaxObjectsInEditor:25165824]]
[2022.02.02-00.06.35:212][  0]LogConfig: Setting CVar [[gc.IncrementalBeginDestroyEnabled:1]]
[2022.02.02-00.06.35:212][  0]LogConfig: Setting CVar [[gc.CreateGCClusters:1]]
[2022.02.02-00.06.35:212][  0]LogConfig: Setting CVar [[gc.MinGCClusterSize:5]]
[2022.02.02-00.06.35:212][  0]LogConfig: Setting CVar [[gc.ActorClusteringEnabled:0]]
[2022.02.02-00.06.35:212][  0]LogConfig: Setting CVar [[gc.BlueprintClusteringEnabled:0]]
[2022.02.02-00.06.35:212][  0]LogConfig: Setting CVar [[gc.UseDisregardForGCOnDedicatedServers:0]]
[2022.02.02-00.06.35:212][  0]LogConfig: Setting CVar [[gc.MultithreadedDestructionEnabled:1]]
[2022.02.02-00.06.35:212][  0]LogConfig: Applying CVar settings from Section [/Script/Engine.NetworkSettings] File [C:/Users/bdavies/git/test-repo-2/NewProject/Saved/Config/Windows/Engine.ini]
[2022.02.02-00.06.35:212][  0]LogConfig: Applying CVar settings from Section [/Script/UnrealEd.CookerSettings] File [C:/Users/bdavies/git/test-repo-2/NewProject/Saved/Config/Windows/Engine.ini]
[2022.02.02-00.06.35:218][  0]LogConfig: Applying CVar settings from Section [ViewDistanceQuality@3] File [C:/Users/bdavies/git/test-repo-2/NewProject/Saved/Config/Windows/Scalability.ini]
[2022.02.02-00.06.35:218][  0]LogConfig: Setting CVar [[r.SkeletalMeshLODBias:0]]
[2022.02.02-00.06.35:218][  0]LogConfig: Setting CVar [[r.ViewDistanceScale:1.0]]
[2022.02.02-00.06.35:218][  0]LogConfig: Applying CVar settings from Section [AntiAliasingQuality@3] File [C:/Users/bdavies/git/test-repo-2/NewProject/Saved/Config/Windows/Scalability.ini]
[2022.02.02-00.06.35:218][  0]LogConfig: Setting CVar [[r.PostProcessAAQuality:4]]
[2022.02.02-00.06.35:218][  0]LogConfig: Applying CVar settings from Section [ShadowQuality@3] File [C:/Users/bdavies/git/test-repo-2/NewProject/Saved/Config/Windows/Scalability.ini]
[2022.02.02-00.06.35:218][  0]LogConfig: Setting CVar [[r.LightFunctionQuality:1]]
[2022.02.02-00.06.35:218][  0]LogConfig: Setting CVar [[r.ShadowQuality:5]]
[2022.02.02-00.06.35:218][  0]LogConfig: Setting CVar [[r.Shadow.CSM.MaxCascades:10]]
[2022.02.02-00.06.35:218][  0]LogConfig: Setting CVar [[r.Shadow.MaxResolution:2048]]
[2022.02.02-00.06.35:218][  0]LogConfig: Setting CVar [[r.Shadow.MaxCSMResolution:2048]]
[2022.02.02-00.06.35:218][  0]LogConfig: Setting CVar [[r.Shadow.RadiusThreshold:0.01]]
[2022.02.02-00.06.35:218][  0]LogConfig: Setting CVar [[r.Shadow.DistanceScale:1.0]]
[2022.02.02-00.06.35:218][  0]LogConfig: Setting CVar [[r.Shadow.CSM.TransitionScale:1.0]]
[2022.02.02-00.06.35:218][  0]LogConfig: Setting CVar [[r.Shadow.PreShadowResolutionFactor:1.0]]
[2022.02.02-00.06.35:218][  0]LogConfig: Setting CVar [[r.DistanceFieldShadowing:1]]
[2022.02.02-00.06.35:218][  0]LogConfig: Setting CVar [[r.DistanceFieldAO:1]]
[2022.02.02-00.06.35:218][  0]LogConfig: Setting CVar [[r.AOQuality:2]]
[2022.02.02-00.06.35:218][  0]LogConfig: Setting CVar [[r.VolumetricFog:1]]
[2022.02.02-00.06.35:218][  0]LogConfig: Setting CVar [[r.VolumetricFog.GridPixelSize:8]]
[2022.02.02-00.06.35:218][  0]LogConfig: Setting CVar [[r.VolumetricFog.GridSizeZ:128]]
[2022.02.02-00.06.35:218][  0]LogConfig: Setting CVar [[r.VolumetricFog.HistoryMissSupersampleCount:4]]
[2022.02.02-00.06.35:218][  0]LogConfig: Setting CVar [[r.LightMaxDrawDistanceScale:1]]
[2022.02.02-00.06.35:218][  0]LogConfig: Setting CVar [[r.CapsuleShadows:1]]
[2022.02.02-00.06.35:218][  0]LogConfig: Applying CVar settings from Section [PostProcessQuality@3] File [C:/Users/bdavies/git/test-repo-2/NewProject/Saved/Config/Windows/Scalability.ini]
[2022.02.02-00.06.35:218][  0]LogConfig: Setting CVar [[r.MotionBlurQuality:4]]
[2022.02.02-00.06.35:218][  0]LogConfig: Setting CVar [[r.AmbientOcclusionMipLevelFactor:0.4]]
[2022.02.02-00.06.35:218][  0]LogConfig: Setting CVar [[r.AmbientOcclusionMaxQuality:100]]
[2022.02.02-00.06.35:218][  0]LogConfig: Setting CVar [[r.AmbientOcclusionLevels:-1]]
[2022.02.02-00.06.35:218][  0]LogConfig: Setting CVar [[r.AmbientOcclusionRadiusScale:1.0]]
[2022.02.02-00.06.35:218][  0]LogConfig: Setting CVar [[r.DepthOfFieldQuality:2]]
[2022.02.02-00.06.35:218][  0]LogConfig: Setting CVar [[r.RenderTargetPoolMin:400]]
[2022.02.02-00.06.35:218][  0]LogConfig: Setting CVar [[r.LensFlareQuality:2]]
[2022.02.02-00.06.35:218][  0]LogConfig: Setting CVar [[r.SceneColorFringeQuality:1]]
[2022.02.02-00.06.35:218][  0]LogConfig: Setting CVar [[r.EyeAdaptationQuality:2]]
[2022.02.02-00.06.35:218][  0]LogConfig: Setting CVar [[r.BloomQuality:5]]
[2022.02.02-00.06.35:218][  0]LogConfig: Setting CVar [[r.FastBlurThreshold:100]]
[2022.02.02-00.06.35:218][  0]LogConfig: Setting CVar [[r.Upscale.Quality:3]]
[2022.02.02-00.06.35:218][  0]LogConfig: Setting CVar [[r.Tonemapper.GrainQuantization:1]]
[2022.02.02-00.06.35:218][  0]LogConfig: Setting CVar [[r.LightShaftQuality:1]]
[2022.02.02-00.06.35:218][  0]LogConfig: Setting CVar [[r.Filter.SizeScale:1]]
[2022.02.02-00.06.35:218][  0]LogConfig: Setting CVar [[r.Tonemapper.Quality:5]]
[2022.02.02-00.06.35:218][  0]LogConfig: Setting CVar [[r.DOF.Gather.AccumulatorQuality:1        ; higher gathering accumulator quality]]
[2022.02.02-00.06.35:218][  0]LogConfig: Setting CVar [[r.DOF.Gather.PostfilterMethod:1          ; Median3x3 postfilering method]]
[2022.02.02-00.06.35:219][  0]LogConfig: Setting CVar [[r.DOF.Gather.EnableBokehSettings:0       ; no bokeh simulation when gathering]]
[2022.02.02-00.06.35:219][  0]LogConfig: Setting CVar [[r.DOF.Gather.RingCount:4                 ; medium number of samples when gathering]]
[2022.02.02-00.06.35:219][  0]LogConfig: Setting CVar [[r.DOF.Scatter.ForegroundCompositing:1    ; additive foreground scattering]]
[2022.02.02-00.06.35:219][  0]LogConfig: Setting CVar [[r.DOF.Scatter.BackgroundCompositing:2    ; additive background scattering]]
[2022.02.02-00.06.35:219][  0]LogConfig: Setting CVar [[r.DOF.Scatter.EnableBokehSettings:1      ; bokeh simulation when scattering]]
[2022.02.02-00.06.35:219][  0]LogConfig: Setting CVar [[r.DOF.Scatter.MaxSpriteRatio:0.1         ; only a maximum of 10% of scattered bokeh]]
[2022.02.02-00.06.35:219][  0]LogConfig: Setting CVar [[r.DOF.Recombine.Quality:1                ; cheap slight out of focus]]
[2022.02.02-00.06.35:219][  0]LogConfig: Setting CVar [[r.DOF.Recombine.EnableBokehSettings:0    ; no bokeh simulation on slight out of focus]]
[2022.02.02-00.06.35:219][  0]LogConfig: Setting CVar [[r.DOF.TemporalAAQuality:1                ; more stable temporal accumulation]]
[2022.02.02-00.06.35:219][  0]LogConfig: Setting CVar [[r.DOF.Kernel.MaxForegroundRadius:0.025]]
[2022.02.02-00.06.35:219][  0]LogConfig: Setting CVar [[r.DOF.Kernel.MaxBackgroundRadius:0.025]]
[2022.02.02-00.06.35:219][  0]LogConfig: Applying CVar settings from Section [TextureQuality@3] File [C:/Users/bdavies/git/test-repo-2/NewProject/Saved/Config/Windows/Scalability.ini]
[2022.02.02-00.06.35:219][  0]LogConfig: Setting CVar [[r.Streaming.MipBias:0]]
[2022.02.02-00.06.35:219][  0]LogConfig: Setting CVar [[r.Streaming.AmortizeCPUToGPUCopy:0]]
[2022.02.02-00.06.35:219][  0]LogConfig: Setting CVar [[r.Streaming.MaxNumTexturesToStreamPerFrame:0]]
[2022.02.02-00.06.35:219][  0]LogConfig: Setting CVar [[r.Streaming.Boost:1]]
[2022.02.02-00.06.35:219][  0]LogConfig: Setting CVar [[r.MaxAnisotropy:8]]
[2022.02.02-00.06.35:219][  0]LogConfig: Setting CVar [[r.VT.MaxAnisotropy:8]]
[2022.02.02-00.06.35:219][  0]LogConfig: Setting CVar [[r.Streaming.LimitPoolSizeToVRAM:0]]
[2022.02.02-00.06.35:219][  0]LogConfig: Setting CVar [[r.Streaming.PoolSize:1000]]
[2022.02.02-00.06.35:219][  0]LogConfig: Setting CVar [[r.Streaming.MaxEffectiveScreenSize:0]]
[2022.02.02-00.06.35:219][  0]LogConfig: Applying CVar settings from Section [EffectsQuality@3] File [C:/Users/bdavies/git/test-repo-2/NewProject/Saved/Config/Windows/Scalability.ini]
[2022.02.02-00.06.35:219][  0]LogConfig: Setting CVar [[r.TranslucencyLightingVolumeDim:64]]
[2022.02.02-00.06.35:219][  0]LogConfig: Setting CVar [[r.RefractionQuality:2]]
[2022.02.02-00.06.35:219][  0]LogConfig: Setting CVar [[r.SSR.Quality:3]]
[2022.02.02-00.06.35:219][  0]LogConfig: Setting CVar [[r.SSR.HalfResSceneColor:0]]
[2022.02.02-00.06.35:219][  0]LogConfig: Setting CVar [[r.SceneColorFormat:4]]
[2022.02.02-00.06.35:219][  0]LogConfig: Setting CVar [[r.DetailMode:2]]
[2022.02.02-00.06.35:219][  0]LogConfig: Setting CVar [[r.TranslucencyVolumeBlur:1]]
[2022.02.02-00.06.35:219][  0]LogConfig: Setting CVar [[r.MaterialQualityLevel:1 ; High quality]]
[2022.02.02-00.06.35:219][  0]LogConfig: Setting CVar [[r.AnisotropicMaterials:1]]
[2022.02.02-00.06.35:219][  0]LogConfig: Setting CVar [[r.SSS.Scale:1]]
[2022.02.02-00.06.35:219][  0]LogConfig: Setting CVar [[r.SSS.SampleSet:2]]
[2022.02.02-00.06.35:219][  0]LogConfig: Setting CVar [[r.SSS.Quality:1]]
[2022.02.02-00.06.35:219][  0]LogConfig: Setting CVar [[r.SSS.HalfRes:0]]
[2022.02.02-00.06.35:219][  0]LogConfig: Setting CVar [[r.SSGI.Quality:3]]
[2022.02.02-00.06.35:219][  0]LogConfig: Setting CVar [[r.EmitterSpawnRateScale:1.0]]
[2022.02.02-00.06.35:219][  0]LogConfig: Setting CVar [[r.ParticleLightQuality:2]]
[2022.02.02-00.06.35:219][  0]LogConfig: Setting CVar [[r.SkyAtmosphere.AerialPerspectiveLUT.FastApplyOnOpaque:1 ; Always have FastSkyLUT 1 in this case to avoid wrong sky]]
[2022.02.02-00.06.35:219][  0]LogConfig: Setting CVar [[r.SkyAtmosphere.AerialPerspectiveLUT.SampleCountMaxPerSlice:4]]
[2022.02.02-00.06.35:219][  0]LogConfig: Setting CVar [[r.SkyAtmosphere.AerialPerspectiveLUT.DepthResolution:16.0]]
[2022.02.02-00.06.35:219][  0]LogConfig: Setting CVar [[r.SkyAtmosphere.FastSkyLUT:1]]
[2022.02.02-00.06.35:219][  0]LogConfig: Setting CVar [[r.SkyAtmosphere.FastSkyLUT.SampleCountMin:4.0]]
[2022.02.02-00.06.35:219][  0]LogConfig: Setting CVar [[r.SkyAtmosphere.FastSkyLUT.SampleCountMax:128.0]]
[2022.02.02-00.06.35:219][  0]LogConfig: Setting CVar [[r.SkyAtmosphere.SampleCountMin:4.0]]
[2022.02.02-00.06.35:219][  0]LogConfig: Setting CVar [[r.SkyAtmosphere.SampleCountMax:128.0]]
[2022.02.02-00.06.35:219][  0]LogConfig: Setting CVar [[r.SkyAtmosphere.TransmittanceLUT.UseSmallFormat:0]]
[2022.02.02-00.06.35:219][  0]LogConfig: Setting CVar [[r.SkyAtmosphere.TransmittanceLUT.SampleCount:10.0]]
[2022.02.02-00.06.35:219][  0]LogConfig: Setting CVar [[r.SkyAtmosphere.MultiScatteringLUT.SampleCount:15.0]]
[2022.02.02-00.06.35:219][  0]LogConfig: Setting CVar [[r.SkyLight.RealTimeReflectionCapture:1]]
[2022.02.02-00.06.35:219][  0]LogConfig: Applying CVar settings from Section [FoliageQuality@3] File [C:/Users/bdavies/git/test-repo-2/NewProject/Saved/Config/Windows/Scalability.ini]
[2022.02.02-00.06.35:219][  0]LogConfig: Setting CVar [[foliage.DensityScale:1.0]]
[2022.02.02-00.06.35:219][  0]LogConfig: Setting CVar [[grass.DensityScale:1.0]]
[2022.02.02-00.06.35:219][  0]LogConfig: Applying CVar settings from Section [ShadingQuality@3] File [C:/Users/bdavies/git/test-repo-2/NewProject/Saved/Config/Windows/Scalability.ini]
[2022.02.02-00.06.35:219][  0]LogConfig: Setting CVar [[r.HairStrands.SkyLighting.IntegrationType:2]]
[2022.02.02-00.06.35:219][  0]LogConfig: Setting CVar [[r.HairStrands.SkyAO.SampleCount:4]]
[2022.02.02-00.06.35:219][  0]LogConfig: Setting CVar [[r.HairStrands.Visibility.MSAA.SamplePerPixel:4]]
[2022.02.02-00.06.35:219][  0]LogInit: Selected Device Profile: [Windows]
[2022.02.02-00.06.35:219][  0]LogInit: Applying CVar settings loaded from the selected device profile: [Windows]
[2022.02.02-00.06.35:219][  0]LogHAL: Display: Platform has ~ 32 GB [34287611904 / 34359738368 / 32], which maps to Largest [LargestMinGB=32, LargerMinGB=12, DefaultMinGB=8, SmallerMinGB=6, SmallestMinGB=0)
[2022.02.02-00.06.35:219][  0]LogInit: Going up to parent DeviceProfile []
[2022.02.02-00.06.35:219][  0]LogConfig: Applying CVar settings from Section [ViewDistanceQuality@3] File [C:/Users/bdavies/git/test-repo-2/NewProject/Saved/Config/Windows/Scalability.ini]
[2022.02.02-00.06.35:219][  0]LogConfig: Setting CVar [[r.SkeletalMeshLODBias:0]]
[2022.02.02-00.06.35:219][  0]LogConfig: Setting CVar [[r.ViewDistanceScale:1.0]]
[2022.02.02-00.06.35:219][  0]LogConfig: Applying CVar settings from Section [AntiAliasingQuality@3] File [C:/Users/bdavies/git/test-repo-2/NewProject/Saved/Config/Windows/Scalability.ini]
[2022.02.02-00.06.35:219][  0]LogConfig: Setting CVar [[r.PostProcessAAQuality:4]]
[2022.02.02-00.06.35:219][  0]LogConfig: Applying CVar settings from Section [ShadowQuality@3] File [C:/Users/bdavies/git/test-repo-2/NewProject/Saved/Config/Windows/Scalability.ini]
[2022.02.02-00.06.35:219][  0]LogConfig: Setting CVar [[r.LightFunctionQuality:1]]
[2022.02.02-00.06.35:219][  0]LogConfig: Setting CVar [[r.ShadowQuality:5]]
[2022.02.02-00.06.35:219][  0]LogConfig: Setting CVar [[r.Shadow.CSM.MaxCascades:10]]
[2022.02.02-00.06.35:219][  0]LogConfig: Setting CVar [[r.Shadow.MaxResolution:2048]]
[2022.02.02-00.06.35:219][  0]LogConfig: Setting CVar [[r.Shadow.MaxCSMResolution:2048]]
[2022.02.02-00.06.35:219][  0]LogConfig: Setting CVar [[r.Shadow.RadiusThreshold:0.01]]
[2022.02.02-00.06.35:219][  0]LogConfig: Setting CVar [[r.Shadow.DistanceScale:1.0]]
[2022.02.02-00.06.35:219][  0]LogConfig: Setting CVar [[r.Shadow.CSM.TransitionScale:1.0]]
[2022.02.02-00.06.35:219][  0]LogConfig: Setting CVar [[r.Shadow.PreShadowResolutionFactor:1.0]]
[2022.02.02-00.06.35:219][  0]LogConfig: Setting CVar [[r.DistanceFieldShadowing:1]]
[2022.02.02-00.06.35:219][  0]LogConfig: Setting CVar [[r.DistanceFieldAO:1]]
[2022.02.02-00.06.35:219][  0]LogConfig: Setting CVar [[r.AOQuality:2]]
[2022.02.02-00.06.35:219][  0]LogConfig: Setting CVar [[r.VolumetricFog:1]]
[2022.02.02-00.06.35:219][  0]LogConfig: Setting CVar [[r.VolumetricFog.GridPixelSize:8]]
[2022.02.02-00.06.35:219][  0]LogConfig: Setting CVar [[r.VolumetricFog.GridSizeZ:128]]
[2022.02.02-00.06.35:219][  0]LogConfig: Setting CVar [[r.VolumetricFog.HistoryMissSupersampleCount:4]]
[2022.02.02-00.06.35:219][  0]LogConfig: Setting CVar [[r.LightMaxDrawDistanceScale:1]]
[2022.02.02-00.06.35:219][  0]LogConfig: Setting CVar [[r.CapsuleShadows:1]]
[2022.02.02-00.06.35:219][  0]LogConfig: Applying CVar settings from Section [PostProcessQuality@3] File [C:/Users/bdavies/git/test-repo-2/NewProject/Saved/Config/Windows/Scalability.ini]
[2022.02.02-00.06.35:219][  0]LogConfig: Setting CVar [[r.MotionBlurQuality:4]]
[2022.02.02-00.06.35:219][  0]LogConfig: Setting CVar [[r.AmbientOcclusionMipLevelFactor:0.4]]
[2022.02.02-00.06.35:219][  0]LogConfig: Setting CVar [[r.AmbientOcclusionMaxQuality:100]]
[2022.02.02-00.06.35:219][  0]LogConfig: Setting CVar [[r.AmbientOcclusionLevels:-1]]
[2022.02.02-00.06.35:219][  0]LogConfig: Setting CVar [[r.AmbientOcclusionRadiusScale:1.0]]
[2022.02.02-00.06.35:219][  0]LogConfig: Setting CVar [[r.DepthOfFieldQuality:2]]
[2022.02.02-00.06.35:219][  0]LogConfig: Setting CVar [[r.RenderTargetPoolMin:400]]
[2022.02.02-00.06.35:219][  0]LogConfig: Setting CVar [[r.LensFlareQuality:2]]
[2022.02.02-00.06.35:219][  0]LogConfig: Setting CVar [[r.SceneColorFringeQuality:1]]
[2022.02.02-00.06.35:219][  0]LogConfig: Setting CVar [[r.EyeAdaptationQuality:2]]
[2022.02.02-00.06.35:219][  0]LogConfig: Setting CVar [[r.BloomQuality:5]]
[2022.02.02-00.06.35:219][  0]LogConfig: Setting CVar [[r.FastBlurThreshold:100]]
[2022.02.02-00.06.35:219][  0]LogConfig: Setting CVar [[r.Upscale.Quality:3]]
[2022.02.02-00.06.35:219][  0]LogConfig: Setting CVar [[r.Tonemapper.GrainQuantization:1]]
[2022.02.02-00.06.35:219][  0]LogConfig: Setting CVar [[r.LightShaftQuality:1]]
[2022.02.02-00.06.35:219][  0]LogConfig: Setting CVar [[r.Filter.SizeScale:1]]
[2022.02.02-00.06.35:219][  0]LogConfig: Setting CVar [[r.Tonemapper.Quality:5]]
[2022.02.02-00.06.35:219][  0]LogConfig: Setting CVar [[r.DOF.Gather.AccumulatorQuality:1        ; higher gathering accumulator quality]]
[2022.02.02-00.06.35:219][  0]LogConfig: Setting CVar [[r.DOF.Gather.PostfilterMethod:1          ; Median3x3 postfilering method]]
[2022.02.02-00.06.35:219][  0]LogConfig: Setting CVar [[r.DOF.Gather.EnableBokehSettings:0       ; no bokeh simulation when gathering]]
[2022.02.02-00.06.35:219][  0]LogConfig: Setting CVar [[r.DOF.Gather.RingCount:4                 ; medium number of samples when gathering]]
[2022.02.02-00.06.35:219][  0]LogConfig: Setting CVar [[r.DOF.Scatter.ForegroundCompositing:1    ; additive foreground scattering]]
[2022.02.02-00.06.35:219][  0]LogConfig: Setting CVar [[r.DOF.Scatter.BackgroundCompositing:2    ; additive background scattering]]
[2022.02.02-00.06.35:219][  0]LogConfig: Setting CVar [[r.DOF.Scatter.EnableBokehSettings:1      ; bokeh simulation when scattering]]
[2022.02.02-00.06.35:220][  0]LogConfig: Setting CVar [[r.DOF.Scatter.MaxSpriteRatio:0.1         ; only a maximum of 10% of scattered bokeh]]
[2022.02.02-00.06.35:220][  0]LogConfig: Setting CVar [[r.DOF.Recombine.Quality:1                ; cheap slight out of focus]]
[2022.02.02-00.06.35:220][  0]LogConfig: Setting CVar [[r.DOF.Recombine.EnableBokehSettings:0    ; no bokeh simulation on slight out of focus]]
[2022.02.02-00.06.35:220][  0]LogConfig: Setting CVar [[r.DOF.TemporalAAQuality:1                ; more stable temporal accumulation]]
[2022.02.02-00.06.35:220][  0]LogConfig: Setting CVar [[r.DOF.Kernel.MaxForegroundRadius:0.025]]
[2022.02.02-00.06.35:220][  0]LogConfig: Setting CVar [[r.DOF.Kernel.MaxBackgroundRadius:0.025]]
[2022.02.02-00.06.35:220][  0]LogConfig: Applying CVar settings from Section [TextureQuality@3] File [C:/Users/bdavies/git/test-repo-2/NewProject/Saved/Config/Windows/Scalability.ini]
[2022.02.02-00.06.35:220][  0]LogConfig: Setting CVar [[r.Streaming.MipBias:0]]
[2022.02.02-00.06.35:220][  0]LogConfig: Setting CVar [[r.Streaming.AmortizeCPUToGPUCopy:0]]
[2022.02.02-00.06.35:220][  0]LogConfig: Setting CVar [[r.Streaming.MaxNumTexturesToStreamPerFrame:0]]
[2022.02.02-00.06.35:220][  0]LogConfig: Setting CVar [[r.Streaming.Boost:1]]
[2022.02.02-00.06.35:220][  0]LogConfig: Setting CVar [[r.MaxAnisotropy:8]]
[2022.02.02-00.06.35:220][  0]LogConfig: Setting CVar [[r.VT.MaxAnisotropy:8]]
[2022.02.02-00.06.35:220][  0]LogConfig: Setting CVar [[r.Streaming.LimitPoolSizeToVRAM:0]]
[2022.02.02-00.06.35:220][  0]LogConfig: Setting CVar [[r.Streaming.PoolSize:1000]]
[2022.02.02-00.06.35:220][  0]LogConfig: Setting CVar [[r.Streaming.MaxEffectiveScreenSize:0]]
[2022.02.02-00.06.35:220][  0]LogConfig: Applying CVar settings from Section [EffectsQuality@3] File [C:/Users/bdavies/git/test-repo-2/NewProject/Saved/Config/Windows/Scalability.ini]
[2022.02.02-00.06.35:220][  0]LogConfig: Setting CVar [[r.TranslucencyLightingVolumeDim:64]]
[2022.02.02-00.06.35:220][  0]LogConfig: Setting CVar [[r.RefractionQuality:2]]
[2022.02.02-00.06.35:220][  0]LogConfig: Setting CVar [[r.SSR.Quality:3]]
[2022.02.02-00.06.35:220][  0]LogConfig: Setting CVar [[r.SSR.HalfResSceneColor:0]]
[2022.02.02-00.06.35:220][  0]LogConfig: Setting CVar [[r.SceneColorFormat:4]]
[2022.02.02-00.06.35:220][  0]LogConfig: Setting CVar [[r.DetailMode:2]]
[2022.02.02-00.06.35:220][  0]LogConfig: Setting CVar [[r.TranslucencyVolumeBlur:1]]
[2022.02.02-00.06.35:220][  0]LogConfig: Setting CVar [[r.MaterialQualityLevel:1 ; High quality]]
[2022.02.02-00.06.35:220][  0]LogConfig: Setting CVar [[r.AnisotropicMaterials:1]]
[2022.02.02-00.06.35:220][  0]LogConfig: Setting CVar [[r.SSS.Scale:1]]
[2022.02.02-00.06.35:220][  0]LogConfig: Setting CVar [[r.SSS.SampleSet:2]]
[2022.02.02-00.06.35:220][  0]LogConfig: Setting CVar [[r.SSS.Quality:1]]
[2022.02.02-00.06.35:220][  0]LogConfig: Setting CVar [[r.SSS.HalfRes:0]]
[2022.02.02-00.06.35:220][  0]LogConfig: Setting CVar [[r.SSGI.Quality:3]]
[2022.02.02-00.06.35:220][  0]LogConfig: Setting CVar [[r.EmitterSpawnRateScale:1.0]]
[2022.02.02-00.06.35:220][  0]LogConfig: Setting CVar [[r.ParticleLightQuality:2]]
[2022.02.02-00.06.35:220][  0]LogConfig: Setting CVar [[r.SkyAtmosphere.AerialPerspectiveLUT.FastApplyOnOpaque:1 ; Always have FastSkyLUT 1 in this case to avoid wrong sky]]
[2022.02.02-00.06.35:220][  0]LogConfig: Setting CVar [[r.SkyAtmosphere.AerialPerspectiveLUT.SampleCountMaxPerSlice:4]]
[2022.02.02-00.06.35:220][  0]LogConfig: Setting CVar [[r.SkyAtmosphere.AerialPerspectiveLUT.DepthResolution:16.0]]
[2022.02.02-00.06.35:220][  0]LogConfig: Setting CVar [[r.SkyAtmosphere.FastSkyLUT:1]]
[2022.02.02-00.06.35:220][  0]LogConfig: Setting CVar [[r.SkyAtmosphere.FastSkyLUT.SampleCountMin:4.0]]
[2022.02.02-00.06.35:220][  0]LogConfig: Setting CVar [[r.SkyAtmosphere.FastSkyLUT.SampleCountMax:128.0]]
[2022.02.02-00.06.35:220][  0]LogConfig: Setting CVar [[r.SkyAtmosphere.SampleCountMin:4.0]]
[2022.02.02-00.06.35:220][  0]LogConfig: Setting CVar [[r.SkyAtmosphere.SampleCountMax:128.0]]
[2022.02.02-00.06.35:220][  0]LogConfig: Setting CVar [[r.SkyAtmosphere.TransmittanceLUT.UseSmallFormat:0]]
[2022.02.02-00.06.35:220][  0]LogConfig: Setting CVar [[r.SkyAtmosphere.TransmittanceLUT.SampleCount:10.0]]
[2022.02.02-00.06.35:220][  0]LogConfig: Setting CVar [[r.SkyAtmosphere.MultiScatteringLUT.SampleCount:15.0]]
[2022.02.02-00.06.35:220][  0]LogConfig: Setting CVar [[r.SkyLight.RealTimeReflectionCapture:1]]
[2022.02.02-00.06.35:220][  0]LogConfig: Applying CVar settings from Section [FoliageQuality@3] File [C:/Users/bdavies/git/test-repo-2/NewProject/Saved/Config/Windows/Scalability.ini]
[2022.02.02-00.06.35:220][  0]LogConfig: Setting CVar [[foliage.DensityScale:1.0]]
[2022.02.02-00.06.35:220][  0]LogConfig: Setting CVar [[grass.DensityScale:1.0]]
[2022.02.02-00.06.35:220][  0]LogConfig: Applying CVar settings from Section [ShadingQuality@3] File [C:/Users/bdavies/git/test-repo-2/NewProject/Saved/Config/Windows/Scalability.ini]
[2022.02.02-00.06.35:220][  0]LogConfig: Setting CVar [[r.HairStrands.SkyLighting.IntegrationType:2]]
[2022.02.02-00.06.35:220][  0]LogConfig: Setting CVar [[r.HairStrands.SkyAO.SampleCount:4]]
[2022.02.02-00.06.35:220][  0]LogConfig: Setting CVar [[r.HairStrands.Visibility.MSAA.SamplePerPixel:4]]
[2022.02.02-00.06.35:220][  0]LogConfig: Applying CVar settings from Section [Startup] File [../../../Engine/Config/ConsoleVariables.ini]
[2022.02.02-00.06.35:220][  0]LogConfig: Setting CVar [[net.UseAdaptiveNetUpdateFrequency:0]]
[2022.02.02-00.06.35:220][  0]LogConfig: Setting CVar [[p.chaos.AllowCreatePhysxBodies:1]]
[2022.02.02-00.06.35:220][  0]LogConfig: Setting CVar [[fx.SkipVectorVMBackendOptimizations:1]]
[2022.02.02-00.06.35:220][  0]LogConfig: Applying CVar settings from Section [ConsoleVariables] File [C:/Users/bdavies/git/test-repo-2/NewProject/Saved/Config/Windows/Engine.ini]
[2022.02.02-00.06.35:220][  0]LogConfig: Applying CVar settings from Section [ConsoleVariables] File [C:/Users/bdavies/git/test-repo-2/NewProject/Saved/Config/Windows/Editor.ini]
[2022.02.02-00.06.35:220][  0]LogInit: Computer: BEN-WORKSTATION
[2022.02.02-00.06.35:220][  0]LogInit: User: bdavies
[2022.02.02-00.06.35:220][  0]LogInit: CPU Page size=4096, Cores=8
[2022.02.02-00.06.35:220][  0]LogInit: High frequency timer resolution =10.000000 MHz
[2022.02.02-00.06.35:220][  0]LogMemory: Memory total: Physical=31.9GB (32GB approx)
[2022.02.02-00.06.35:220][  0]LogMemory: Platform Memory Stats for Windows
[2022.02.02-00.06.35:220][  0]LogMemory: Process Physical Memory: 144.61 MB used, 144.61 MB peak
[2022.02.02-00.06.35:220][  0]LogMemory: Process Virtual Memory: 131.22 MB used, 131.22 MB peak
[2022.02.02-00.06.35:220][  0]LogMemory: Physical Memory: 11469.03 MB used,  21230.18 MB free, 32699.21 MB total
[2022.02.02-00.06.35:220][  0]LogMemory: Virtual Memory: 134196200.00 MB used,  21528.10 MB free, 134217728.00 MB total
[2022.02.02-00.06.35:223][  0]LogWindows: WindowsPlatformFeatures enabled
[2022.02.02-00.06.35:247][  0]LogInit: Physics initialised using underlying interface: PhysX
[2022.02.02-00.06.35:248][  0]LogInit: Using OS detected language (en-US).
[2022.02.02-00.06.35:248][  0]LogInit: Using OS detected locale (en-US).
[2022.02.02-00.06.35:250][  0]LogTextLocalizationManager: No specific localization for 'en-US' exists, so the 'en' localization will be used.
[2022.02.02-00.06.35:394][  0]LogInit: Setting process to per monitor DPI aware
[2022.02.02-00.06.35:407][  0]LogWindowsTextInputMethodSystem: Display: IME system deactivated.
[2022.02.02-00.06.35:417][  0]LogSlate: New Slate User Created.  User Index 0, Is Virtual User: 0
[2022.02.02-00.06.35:417][  0]LogSlate: Slate User Registered.  User Index 0, Is Virtual User: 0
[2022.02.02-00.06.35:506][  0]LogD3D11RHI: Loaded GFSDK_Aftermath_Lib.x64.dll
[2022.02.02-00.06.35:508][  0]LogHMD: Failed to initialize OpenVR with code 110
[2022.02.02-00.06.35:508][  0]LogD3D11RHI: D3D11 min allowed feature level: 11_0
[2022.02.02-00.06.35:508][  0]LogD3D11RHI: D3D11 max allowed feature level: 11_0
[2022.02.02-00.06.35:508][  0]LogD3D11RHI: D3D11 adapters:
[2022.02.02-00.06.35:600][  0]LogD3D11RHI:    0. 'NVIDIA GeForce RTX 2080 SUPER' (Feature Level 11_0)
[2022.02.02-00.06.35:600][  0]LogD3D11RHI:       8010/0/16349 MB DedicatedVideo/DedicatedSystem/SharedSystem, Outputs:1, VendorId:0x10de
[2022.02.02-00.06.35:601][  0]LogD3D11RHI:    1. 'Microsoft Basic Render Driver' (Feature Level 11_0)
[2022.02.02-00.06.35:601][  0]LogD3D11RHI:       0/0/16349 MB DedicatedVideo/DedicatedSystem/SharedSystem, Outputs:0, VendorId:0x1414
[2022.02.02-00.06.35:601][  0]LogD3D11RHI: Chosen D3D11 Adapter:
[2022.02.02-00.06.35:601][  0]LogD3D11RHI:     Description : NVIDIA GeForce RTX 2080 SUPER
[2022.02.02-00.06.35:601][  0]LogD3D11RHI:     VendorId    : 10de
[2022.02.02-00.06.35:602][  0]LogD3D11RHI:     DeviceId    : 1e81
[2022.02.02-00.06.35:602][  0]LogD3D11RHI:     SubSysId    : c7241462
[2022.02.02-00.06.35:602][  0]LogD3D11RHI:     Revision    : 00a1
[2022.02.02-00.06.35:602][  0]LogD3D11RHI:     DedicatedVideoMemory : 8399093760 bytes
[2022.02.02-00.06.35:602][  0]LogD3D11RHI:     DedicatedSystemMemory : 0 bytes
[2022.02.02-00.06.35:602][  0]LogD3D11RHI:     SharedSystemMemory : 17143805952 bytes
[2022.02.02-00.06.35:602][  0]LogD3D11RHI:     AdapterLuid : 0 53679
[2022.02.02-00.06.35:607][  0]LogD3D11RHI: Creating new Direct3DDevice
[2022.02.02-00.06.35:607][  0]LogD3D11RHI:     GPU DeviceId: 0x1e81 (for the marketing name, search the web for "GPU Device Id")
[2022.02.02-00.06.35:607][  0]LogWindows: EnumDisplayDevices:
[2022.02.02-00.06.35:608][  0]LogWindows:    0. 'NVIDIA GeForce RTX 2080 SUPER' (P:1 D:1)
[2022.02.02-00.06.35:608][  0]LogWindows:    1. 'NVIDIA GeForce RTX 2080 SUPER' (P:0 D:0)
[2022.02.02-00.06.35:608][  0]LogWindows:    2. 'NVIDIA GeForce RTX 2080 SUPER' (P:0 D:0)
[2022.02.02-00.06.35:608][  0]LogWindows:    3. 'NVIDIA GeForce RTX 2080 SUPER' (P:0 D:0)
[2022.02.02-00.06.35:608][  0]LogWindows: DebugString: FoundDriverCount:4 
[2022.02.02-00.06.35:608][  0]LogD3D11RHI:     Adapter Name: NVIDIA GeForce RTX 2080 SUPER
[2022.02.02-00.06.35:608][  0]LogD3D11RHI:   Driver Version: 460.89 (internal:27.21.14.6089, unified:460.89)
[2022.02.02-00.06.35:608][  0]LogD3D11RHI:      Driver Date: 12-11-2020
[2022.02.02-00.06.35:608][  0]LogRHI: Texture pool is 5607 MB (70% of 8010 MB)
[2022.02.02-00.06.35:608][  0]LogD3D11RHI: Creating D3DDevice using adapter:
[2022.02.02-00.06.35:608][  0]LogD3D11RHI:     Description : NVIDIA GeForce RTX 2080 SUPER
[2022.02.02-00.06.35:608][  0]LogD3D11RHI:     VendorId    : 10de
[2022.02.02-00.06.35:608][  0]LogD3D11RHI:     DeviceId    : 1e81
[2022.02.02-00.06.35:608][  0]LogD3D11RHI:     SubSysId    : c7241462
[2022.02.02-00.06.35:608][  0]LogD3D11RHI:     Revision    : 00a1
[2022.02.02-00.06.35:608][  0]LogD3D11RHI:     DedicatedVideoMemory : 8399093760 bytes
[2022.02.02-00.06.35:608][  0]LogD3D11RHI:     DedicatedSystemMemory : 0 bytes
[2022.02.02-00.06.35:608][  0]LogD3D11RHI:     SharedSystemMemory : 17143805952 bytes
[2022.02.02-00.06.35:608][  0]LogD3D11RHI:     AdapterLuid : 0 53679
[2022.02.02-00.06.35:669][  0]LogD3D11RHI: RHI has support for 64 bit atomics
[2022.02.02-00.06.35:669][  0]LogD3D11RHI: Async texture creation enabled
[2022.02.02-00.06.35:669][  0]LogD3D11RHI: Array index from any shader is supported
[2022.02.02-00.06.35:691][  0]LogD3D11RHI: GPU Timing Frequency: 1000.000000 (Debug: 2 1)
[2022.02.02-00.06.35:718][  0]LogRHI: GeForceNow SDK initialized: 1
[2022.02.02-00.06.35:958][  0]LogTargetPlatformManager: Display: Loaded TargetPlatform 'AllDesktop'
[2022.02.02-00.06.35:973][  0]LogTargetPlatformManager: Display: Loaded TargetPlatform 'Android'
[2022.02.02-00.06.35:973][  0]LogTargetPlatformManager: Display: Loaded TargetPlatform 'Android_ASTC'
[2022.02.02-00.06.35:973][  0]LogTargetPlatformManager: Display: Loaded TargetPlatform 'Android_DXT'
[2022.02.02-00.06.35:973][  0]LogTargetPlatformManager: Display: Loaded TargetPlatform 'Android_ETC2'
[2022.02.02-00.06.35:973][  0]LogTargetPlatformManager: Display: Loaded TargetPlatform 'AndroidClient'
[2022.02.02-00.06.35:973][  0]LogTargetPlatformManager: Display: Loaded TargetPlatform 'Android_ASTCClient'
[2022.02.02-00.06.35:973][  0]LogTargetPlatformManager: Display: Loaded TargetPlatform 'Android_DXTClient'
[2022.02.02-00.06.35:973][  0]LogTargetPlatformManager: Display: Loaded TargetPlatform 'Android_ETC2Client'
[2022.02.02-00.06.35:973][  0]LogTargetPlatformManager: Display: Loaded TargetPlatform 'Android_Multi'
[2022.02.02-00.06.35:973][  0]LogTargetPlatformManager: Display: Loaded TargetPlatform 'Android_MultiClient'
[2022.02.02-00.06.35:988][  0]LogTargetPlatformManager: Display: Loaded TargetPlatform 'IOSClient'
[2022.02.02-00.06.35:988][  0]LogTargetPlatformManager: Display: Loaded TargetPlatform 'IOS'
[2022.02.02-00.06.35:996][  0]LogTargetPlatformManager: Display: Loaded TargetPlatform 'Linux'
[2022.02.02-00.06.35:999][  0]LogTargetPlatformManager: Display: Loaded TargetPlatform 'LinuxNoEditor'
[2022.02.02-00.06.36:002][  0]LogTargetPlatformManager: Display: Loaded TargetPlatform 'LinuxClient'
[2022.02.02-00.06.36:004][  0]LogTargetPlatformManager: Display: Loaded TargetPlatform 'LinuxServer'
[2022.02.02-00.06.36:011][  0]LogTargetPlatformManager: Display: Loaded TargetPlatform 'LinuxAArch64NoEditor'
[2022.02.02-00.06.36:013][  0]LogTargetPlatformManager: Display: Loaded TargetPlatform 'LinuxAArch64Client'
[2022.02.02-00.06.36:016][  0]LogTargetPlatformManager: Display: Loaded TargetPlatform 'LinuxAArch64Server'
[2022.02.02-00.06.36:034][  0]LogTargetPlatformManager: Display: Loaded TargetPlatform 'Lumin'
[2022.02.02-00.06.36:034][  0]LogTargetPlatformManager: Display: Loaded TargetPlatform 'LuminClient'
[2022.02.02-00.06.36:040][  0]LogTargetPlatformManager: Display: Loaded TargetPlatform 'MacNoEditor'
[2022.02.02-00.06.36:043][  0]LogTargetPlatformManager: Display: Loaded TargetPlatform 'Mac'
[2022.02.02-00.06.36:046][  0]LogTargetPlatformManager: Display: Loaded TargetPlatform 'MacClient'
[2022.02.02-00.06.36:048][  0]LogTargetPlatformManager: Display: Loaded TargetPlatform 'MacServer'
[2022.02.02-00.06.36:055][  0]LogTargetPlatformManager: Display: Loaded TargetPlatform 'TVOSClient'
[2022.02.02-00.06.36:055][  0]LogTargetPlatformManager: Display: Loaded TargetPlatform 'TVOS'
[2022.02.02-00.06.36:061][  0]LogTargetPlatformManager: Display: Loaded TargetPlatform 'WindowsNoEditor'
[2022.02.02-00.06.36:064][  0]LogTargetPlatformManager: Display: Loaded TargetPlatform 'Windows'
[2022.02.02-00.06.36:067][  0]LogTargetPlatformManager: Display: Loaded TargetPlatform 'WindowsClient'
[2022.02.02-00.06.36:071][  0]LogTargetPlatformManager: Display: Loaded TargetPlatform 'WindowsServer'
[2022.02.02-00.06.36:071][  0]LogTargetPlatformManager: Display: Building Assets For Windows
[2022.02.02-00.06.36:075][  0]LogAudioDebug: Display: Lib vorbis DLL was dynamically loaded.
[2022.02.02-00.06.36:095][  0]LogTextureFormatOodle: Display: Oodle Texture 2.9.0 init RDO Off
[2022.02.02-00.06.36:114][  0]LogRendererCore: Ray tracing is disabled. Reason: r.RayTracing=0.
[2022.02.02-00.06.36:114][  0]LogShaderCompilers: Guid format shader working directory is -10 characters bigger than the processId version (../../../../../../Users/bdavies/git/test-repo-2/NewProject/Intermediate/Shaders/WorkingDirectory/8400/).
[2022.02.02-00.06.36:114][  0]LogShaderCompilers: Cleaned the shader compiler working directory 'C:/Users/bdavies/AppData/Local/Temp/UnrealShaderWorkingDir/500D918E4FB66A751A400A91E03F8CBC/'.
[2022.02.02-00.06.36:114][  0]LogXGEController: Cannot use XGE Controller as Incredibuild is not installed on this machine.
[2022.02.02-00.06.36:114][  0]LogShaderCompilers: Cannot use XGE Shader Compiler as Incredibuild is not installed on this machine.
[2022.02.02-00.06.36:114][  0]LogShaderCompilers: Display: Using Local Shader Compiler.
[2022.02.02-00.06.36:690][  0]LogDerivedDataCache: Display: Max Cache Size: 512 MB
[2022.02.02-00.06.36:734][  0]LogDerivedDataCache: Loaded boot cache 0.04s 94MB C:/Users/bdavies/AppData/Local/UnrealEngine/4.27/DerivedDataCache/Boot.ddc.
[2022.02.02-00.06.36:734][  0]LogDerivedDataCache: Display: Loaded Boot cache: C:/Users/bdavies/AppData/Local/UnrealEngine/4.27/DerivedDataCache/Boot.ddc
[2022.02.02-00.06.36:734][  0]LogDerivedDataCache: FDerivedDataBackendGraph:  Pak pak cache file ../../../../../../Users/bdavies/git/test-repo-2/NewProject/DerivedDataCache/DDC.ddp not found, will not use a pak cache.
[2022.02.02-00.06.36:734][  0]LogDerivedDataCache: Unable to find inner node Pak for hierarchical cache Hierarchy.
[2022.02.02-00.06.36:734][  0]LogDerivedDataCache: FDerivedDataBackendGraph:  CompressedPak pak cache file ../../../../../../Users/bdavies/git/test-repo-2/NewProject/DerivedDataCache/Compressed.ddp not found, will not use a pak cache.
[2022.02.02-00.06.36:734][  0]LogDerivedDataCache: Unable to find inner node CompressedPak for hierarchical cache Hierarchy.
[2022.02.02-00.06.36:746][  0]LogDerivedDataCache: Display: Pak cache opened for reading ../../../Engine/DerivedDataCache/Compressed.ddp.
[2022.02.02-00.06.36:747][  0]LogDerivedDataCache: FDerivedDataBackendGraph:  EnterprisePak pak cache file ../../../Enterprise/DerivedDataCache/Compressed.ddp not found, will not use a pak cache.
[2022.02.02-00.06.36:747][  0]LogDerivedDataCache: Unable to find inner node EnterprisePak for hierarchical cache Hierarchy.
[2022.02.02-00.06.36:751][  0]LogDerivedDataCache: Speed tests for C:/Users/bdavies/AppData/Local/UnrealEngine/Common/DerivedDataCache took 0.00 seconds
[2022.02.02-00.06.36:751][  0]LogDerivedDataCache: Display: Performance to C:/Users/bdavies/AppData/Local/UnrealEngine/Common/DerivedDataCache: Latency=0.02ms. RandomReadSpeed=1946.58MBs, RandomWriteSpeed=267.74MBs. Assigned SpeedClass 'Local'
[2022.02.02-00.06.36:751][  0]LogDerivedDataCache: Using Local data cache path C:/Users/bdavies/AppData/Local/UnrealEngine/Common/DerivedDataCache: Writable
[2022.02.02-00.06.36:752][  0]LogDerivedDataCache: Shared data cache path not found in *engine.ini, will not use an Shared cache.
[2022.02.02-00.06.36:752][  0]LogDerivedDataCache: Unable to find inner node Shared for hierarchical cache Hierarchy.
[2022.02.02-00.06.36:788][  0]LogSlate: Using FreeType 2.10.0
[2022.02.02-00.06.36:788][  0]LogSlate: SlateFontServices - WITH_FREETYPE: 1, WITH_HARFBUZZ: 1
[2022.02.02-00.06.36:805][  0]LogAssetRegistry: FAssetRegistry took 0.0019 seconds to start up
[2022.02.02-00.06.36:990][  0]LogInit: Selected Device Profile: [Windows]
[2022.02.02-00.06.36:990][  0]LogInit: Active device profile: [000001D8CD9E4B00][000001D8CD24D480 49] Windows
[2022.02.02-00.06.36:990][  0]LogInit: Profiles: [000001D8CD9E4B00][000001D8CD24D480 49] Windows, [000001D8CD9A6100][000001D8C9CA3600 49] WindowsNoEditor, [000001D8CD9E5900][000001D8CD027780 49] WindowsServer, [000001D8CD9A6E00][000001D8CD02B900 49] WindowsClient, [000001D8CD9E7C00][000001D8BFE71A80 49] IOS, [000001D8CD9A4F00][000001D8CD02FC00 49] iPadAir, [000001D8CD9E7E00][000001D8CD214200 49] iPadAir2, [000001D8CD938D00][000001D8CD2BC4C0 49] IPadPro, [000001D8CD938E00][000001D8CD2B8500 49] iPadAir3, [000001D8CD9A7B00][000001D8CD2C4680 49] iPadAir4, [000001D8CD93B700][000001D8CD65C7C0 49] iPadMini2, [000001D8CD9A7100][000001D8CD2D2900 49] iPadMini3, [000001D8CD93B900][000001D8CD2D6A40 49] iPadMini4, [000001D8CD9A7500][000001D8CD2DAB80 49] iPadMini5, [000001D8CD940600][000001D8CD2E6E40 49] iPhone6, [000001D8CD940700][000001D8CD2E2E80 49] iPodTouch6, [000001D8CD9E6600][000001D8CE9A9140 49] iPhone7, [000001D8CD9E6800][000001D8CE9A5180 49] iPodTouch7, [000001D8CD940100][000001D8CE9D9300 49] iPhone5S, [000001D8CD938700][000001D8CE9DD480 49] iPhone6Plus, [000001D8CD942500][000001D8CE9E1600 49] iPhone6S, [000001D8CD939400][000001D8CEA23780 49] iPhone6SPlus, [000001D8CD943B00][000001D8CEA27900 49] iPhone7Plus, [000001D8CD93B600][000001D8CEA57A80 49] iPhoneSE, [000001D8CD9E6C00][000001D8CEA5BC00 49] iPhone8, [000001D8CD938600][000001D8CEA5E200 49] iPhone8Plus, [000001D8CD9E6100][000001D8CEA62380 49] iPhoneX, [000001D8CD93A900][000001D8CEA66500 49] iPhoneXS, [000001D8CD9E7D00][000001D8CEA6A680 49] iPhoneXSMax, [000001D8CD93AE00][000001D8BFE4E800 49] iPhoneXR, [000001D8CD9E7F00][000001D8CD2DE940 49] iPhone11, [000001D8CD939F00][000001D8CE9E4A80 49] iPhone11Pro, [000001D8CD9E4600][000001D8BFE52BC0 49] iPhone11ProMax, [000001D8CD93A000][000001D8CD006D00 49] iPhoneSE2, [000001D8CD9E7A00][000001D8CEA52E80 49] iPhone12Mini, [000001D8CD93A700][000001D8CD00B000 49] iPhone12, [000001D8CD9E6A00][000001D8CD00F180 49] iPhone12Pro, [000001D8CD938500][000001D8CD013300 49] iPhone12ProMax, [000001D8CD9E7900][000001D8CD017480 49] iPadPro105, [000001D8CD939800][000001D8CD01B600 49] iPadPro129, [000001D8CD9E4C00][000001D8CD01F780 49] iPadPro97, [000001D8CD93A400][000001D8CD023900 49] iPadPro2_129, [000001D8CD9E4800][000001D8BFAC1A80 49] iPad5, [000001D8CD938400][000001D8BFAC5C00 49] iPad6, [000001D8CD9E5B00][000001D8BFAC8200 49] iPad7, [000001D8CD93B500][000001D8BFACC380 49] iPad8, [000001D8CD9E5F00][000001D8BFAD0500 49] iPadPro11, [000001D8CD939A00][000001D8BFAD4680 49] iPadPro2_11, [000001D8CD9E6500][000001D8BFAD8800 49] iPadPro3_129, [000001D8CD93A200][000001D8BFADC980 49] iPadPro4_129, [000001D8CD9E5600][000001D8BFAE0B00 49] AppleTV, [000001D8CD93BD00][000001D8CE9D4C40 49] AppleTV4K, [000001D8CD9E5A00][000001D8BFAE4D80 49] TVOS, [000001D8CD938A00][000001D8BFAE8EC0 49] Mac, [000001D8CD9E6400][000001D8CD2EB040 49] MacClient, [000001D8CD93AC00][000001D8CD2EF1C0 49] MacNoEditor, [000001D8CD9E7500][000001D8CD2F3340 49] MacServer, [000001D8CD93A300][000001D8CD2F74C0 49] Linux, [000001D8CD9E4300][000001D8CD2FB640 49] LinuxAArch64, [000001D8CD93A100][000001D8CD2FF7C0 49] LinuxNoEditor, [000001D8CD9E6300][000001D8CD303940 49] LinuxAArch64NoEditor, [000001D8CD93BC00][000001D8CD307AC0 49] LinuxClient, [000001D8CD9E4F00][000001D8CD30A0C0 49] LinuxAArch64Client, [000001D8CD939200][000001D8CD30E240 49] LinuxServer, [000001D8CD9E7000][000001D8CD3123C0 49] LinuxAArch64Server, [000001D8CD939600][000001D8CD316540 49] Android, [000001D8CD9E5200][000001D8CD31A6C0 49] Android_Low, [000001D8CD93BE00][000001D8CD31E840 49] Android_Mid, [000001D8CD9E4100][000001D8CD3229C0 49] Android_High, [000001D8CD93AA00][000001D8CD326B40 49] Android_Default, [000001D8CD9E5300][000001D8CD32ACC0 49] Android_Adreno4xx, [000001D8CD9A6300][000001D8BFAECE00 49] Android_Adreno5xx_Low, [000001D8CD941C00][000001D8CD32EF40 49] Android_Adreno5xx, [000001D8CD9A7E00][000001D8CD333080 49] Android_Adreno6xx, [000001D8CD942700][000001D8CD3371C0 49] Android_Adreno6xx_Vulkan, [000001D8CD9A7600][000001D8CD33F340 49] Android_Mali_T6xx, [000001D8CD940F00][000001D8CD3434C0 49] Android_Mali_T7xx, [000001D8CD9A5B00][000001D8CD347640 49] Android_Mali_T8xx, [000001D8CD941F00][000001D8CD34B7C0 49] Android_Mali_G71, [000001D8CD9A6C00][000001D8CD34F940 49] Android_Mali_G72, [000001D8CD942F00][000001D8CD353AC0 49] Android_Mali_G72_Vulkan, [000001D8CD9A6500][000001D8CD3560C0 49] Android_Mali_G76, [000001D8CD942200][000001D8CD35A240 49] Android_Mali_G76_Vulkan, [000001D8CD9A4E00][000001D8CD35E3C0 49] Android_Mali_G77, [000001D8CD941400][000001D8CD362540 49] Android_Mali_G77_Vulkan, [000001D8CD9A7700][000001D8CD3666C0 49] Android_Mali_G78, [000001D8CD941300][000001D8CD36A840 49] Android_Mali_G78_Vulkan, [000001D8CD9A5500][000001D8CD36E9C0 49] Android_Mali_G710, [000001D8CD943D00][000001D8CD372B40 49] Android_Mali_G710_Vulkan, [000001D8CD9A4700][000001D8CD376CC0 49] Android_Vulkan_SM5, [000001D8CD941B00][000001D8CD37AE40 49] Android_PowerVR_G6xxx, [000001D8CD9A4A00][000001D8CD33AF80 49] Android_PowerVR_GT7xxx, [000001D8CD940200][000001D8CD37F0C0 49] Android_PowerVR_GE8xxx, [000001D8CD9A7800][000001D8CD383200 49] Android_PowerVR_GM9xxx, [000001D8CD940A00][000001D8CD387340 49] Android_PowerVR_GM9xxx_Vulkan, [000001D8CD9A5000][000001D8CD38F4C0 49] Android_TegraK1, [000001D8CD941700][000001D8CD393640 49] Android_Unknown_Vulkan, [000001D8CD9A5800][000001D8CD3977C0 49] Lumin, [000001D8CD943C00][000001D8CD39B940 49] Lumin_Desktop, [000001D8CD9A5600][000001D8CD39FAC0 49] HoloLens, 
[2022.02.02-00.06.37:083][  0]LogMeshReduction: Using QuadricMeshReduction for automatic static mesh reduction
[2022.02.02-00.06.37:083][  0]LogMeshReduction: Using SimplygonMeshReduction for automatic skeletal mesh reduction
[2022.02.02-00.06.37:083][  0]LogMeshReduction: Using ProxyLODMeshReduction for automatic mesh merging
[2022.02.02-00.06.37:083][  0]LogMeshReduction: No distributed automatic mesh merging module available
[2022.02.02-00.06.37:083][  0]LogMeshMerging: No distributed automatic mesh merging module available
[2022.02.02-00.06.37:094][  0]LogNetVersion: NewProject 1.0.0, NetCL: 17155196, EngineNetVer: 17, GameNetVer: 0 (Checksum: 2475485032)
[2022.02.02-00.06.37:372][  0]LogTexture: Default maximum texture size for cubemaps generated from long-lat sources has been changed from 512 to unlimited. In order to preserve old behaiour for '/Engine/MapTemplates/Sky/DaylightAmbientCubemap.DaylightAmbientCubemap', its maximum texture size has been explicitly set to 512.
[2022.02.02-00.06.37:412][  0]LogHMD: PokeAHoleMaterial loaded successfully
[2022.02.02-00.06.37:417][  0]LogUObjectArray: 17178 objects as part of root set at end of initial load.
[2022.02.02-00.06.37:417][  0]LogUObjectAllocator: 4302048 out of 0 bytes used by permanent object pool.
[2022.02.02-00.06.37:417][  0]LogUObjectArray: CloseDisregardForGC: 0/0 objects in disregard for GC pool
[2022.02.02-00.06.37:594][  0]LogPython: Using Python 3.7.7
[2022.02.02-00.06.38:050][  0]LogTcpMessaging: Initializing TcpMessaging bridge
[2022.02.02-00.06.38:053][  0]LogUdpMessaging: Initializing bridge on interface 0.0.0.0:0 to multicast group 230.0.0.1:6666.
[2022.02.02-00.06.38:092][  0]LogNiagaraDebuggerClient: Niagara Debugger Client Initialized | Session: 5908ABC844DE93C2F676B0A74D1794E2 | Instance: 88DD9E8241EF1E92C4DDCB826E4FFD3E (BEN-WORKSTATION-8400).
[2022.02.02-00.06.38:261][  0]SourceControl: Source control is disabled
[2022.02.02-00.06.38:261][  0]SourceControl: Source control is disabled
[2022.02.02-00.06.38:263][  0]SourceControl: Source control is disabled
[2022.02.02-00.06.38:264][  0]SourceControl: Source control is disabled
[2022.02.02-00.06.38:270][  0]SourceControl: Source control is disabled
[2022.02.02-00.06.38:271][  0]LogUProjectInfo: Found projects:
[2022.02.02-00.06.38:355][  0]LogOpenImageDenoise: OIDN starting up
[2022.02.02-00.06.38:391][  0]LogAndroidPermission: UAndroidPermissionCallbackProxy::GetInstance
[2022.02.02-00.06.38:407][  0]LogAudioCaptureCore: Display: No Audio Capture implementations found. Audio input will be silent.
[2022.02.02-00.06.38:407][  0]LogAudioCaptureCore: Display: No Audio Capture implementations found. Audio input will be silent.
[2022.02.02-00.06.38:497][  0]LogCollectionManager: Loaded 0 collections in 0.001208 seconds
[2022.02.02-00.06.38:513][  0]LogFileCache: Scanning file cache for directory 'C:/Users/bdavies/git/test-repo-2/NewProject/Saved/Collections/' took 0.00s
[2022.02.02-00.06.38:513][  0]LogFileCache: Scanning file cache for directory 'C:/Users/bdavies/git/test-repo-2/NewProject/Content/Developers/bdavies/Collections/' took 0.00s
[2022.02.02-00.06.38:513][  0]LogFileCache: Scanning file cache for directory 'C:/Users/bdavies/git/test-repo-2/NewProject/Content/Collections/' took 0.00s
[2022.02.02-00.06.38:513][  0]LogOcInput: OculusInput pre-init called
[2022.02.02-00.06.38:691][  0]LogEngine: Initializing Engine...
[2022.02.02-00.06.38:692][  0]LogHMD: Failed to enumerate extensions. Please check that you have a valid OpenXR runtime installed.
[2022.02.02-00.06.38:692][  0]LogHMD: Failed to initialize OpenVR with code 110
[2022.02.02-00.06.38:692][  0]LogMagicLeap: Warning: VR disabled because ZI is not enabled.  To enable, in the editor, Edit -> Project Settings -> Plugins -> Magic Leap Plugin -> Enable Zero Iteration
[2022.02.02-00.06.38:693][  0]LogStats: UGameplayTagsManager::InitializeManager -  0.000 s
[2022.02.02-00.06.38:780][  0]LogInit: Initializing FReadOnlyCVARCache
[2022.02.02-00.06.38:785][  0]LogAIModule: Creating AISystem for world Untitled
[2022.02.02-00.06.38:796][  0]LogAudio: Display: Initializing Audio Device Manager...
[2022.02.02-00.06.38:798][  0]LogAudio: Display: Loading Default Audio Settings Objects...
[2022.02.02-00.06.38:798][  0]LogAudio: Display: No default SoundConcurrencyObject specified (or failed to load).
[2022.02.02-00.06.38:799][  0]LogAudio: Display: Audio Device Manager Initialized
[2022.02.02-00.06.38:799][  0]LogAudio: Display: Creating Audio Device:                 Id: 1, Scope: Shared, Realtime: True
[2022.02.02-00.06.38:799][  0]LogAudioMixer: Display: Audio Mixer Platform Settings:
[2022.02.02-00.06.38:799][  0]LogAudioMixer: Display: 	Sample Rate:						  48000
[2022.02.02-00.06.38:799][  0]LogAudioMixer: Display: 	Callback Buffer Frame Size Requested: 1024
[2022.02.02-00.06.38:799][  0]LogAudioMixer: Display: 	Callback Buffer Frame Size To Use:	  1024
[2022.02.02-00.06.38:799][  0]LogAudioMixer: Display: 	Number of buffers to queue:			  2
[2022.02.02-00.06.38:799][  0]LogAudioMixer: Display: 	Max Channels (voices):				  32
[2022.02.02-00.06.38:799][  0]LogAudioMixer: Display: 	Number of Async Source Workers:		  0
[2022.02.02-00.06.38:799][  0]LogAudio: Display: AudioDevice MaxSources: 32
[2022.02.02-00.06.38:799][  0]LogAudio: Display: Audio Spatialization Plugin: None (built-in).
[2022.02.02-00.06.38:799][  0]LogAudio: Display: Audio Reverb Plugin: None (built-in).
[2022.02.02-00.06.38:799][  0]LogAudio: Display: Audio Occlusion Plugin: None (built-in).
[2022.02.02-00.06.38:799][  0]LogAudioMixer: Display: Initializing audio mixer.
[2022.02.02-00.06.38:808][  0]LogAudioMixer: Display: 0: FrontLeft
[2022.02.02-00.06.38:808][  0]LogAudioMixer: Display: 1: FrontRight
[2022.02.02-00.06.38:819][  0]LogAudioMixer: Display: Using Audio Device Headphones (Logi Z407 Stereo)
[2022.02.02-00.06.38:821][  0]LogAudioMixer: Display: Initializing Sound Submixes...
[2022.02.02-00.06.38:822][  0]LogAudioMixer: Display: Creating Master Submix 'MasterSubmixDefault'
[2022.02.02-00.06.38:822][  0]LogAudioMixer: Display: Creating Master Submix 'MasterReverbSubmixDefault'
[2022.02.02-00.06.38:823][  0]LogAudioMixer: Display: Creating Master Submix 'MasterEQSubmixDefault'
[2022.02.02-00.06.38:823][  0]LogAudioMixer: FMixerPlatformXAudio2::StartAudioStream() called
[2022.02.02-00.06.38:823][  0]LogAudioMixer: Display: Output buffers initialized: Frames=1024, Channels=2, Samples=2048
[2022.02.02-00.06.38:823][  0]LogAudioMixer: Display: Starting AudioMixerPlatformInterface::RunInternal()
[2022.02.02-00.06.38:824][  0]LogAudioMixer: Display: FMixerPlatformXAudio2::SubmitBuffer() called for the first time
[2022.02.02-00.06.38:824][  0]LogInit: FAudioDevice initialized.
[2022.02.02-00.06.38:824][  0]LogAudio: Display: Audio Device (ID: 1) registered with world 'Untitled'.
[2022.02.02-00.06.38:824][  0]LogNetVersion: Set ProjectVersion to 1.0.0.0. Version Checksum will be recalculated on next use.
[2022.02.02-00.06.38:862][  0]LogDerivedDataCache: Saved boot cache 0.04s 94MB C:/Users/bdavies/AppData/Local/UnrealEngine/4.27/DerivedDataCache/Boot.ddc.
[2022.02.02-00.06.38:863][  0]LogInit: Texture streaming: Enabled
[2022.02.02-00.06.38:871][  0]LogAnalytics: Display: [UEEditor.Rocket.Release] APIServer = https://datarouter.ol.epicgames.com/. AppVersion = 4.27.2-18319896+++UE4+Release-4.27
[2022.02.02-00.06.38:874][  0]LogEngineSessionManager: EngineSessionManager initialized
[2022.02.02-00.06.38:874][  0]LogEditorSessionSummary: Verbose: Initializing EditorSessionSummaryWriter for editor session tracking
[2022.02.02-00.06.38:875][  0]LogEditorSessionSummary: EditorSessionSummaryWriter initialized
[2022.02.02-00.06.38:892][  0]LogInit: Transaction tracking system initialized
[2022.02.02-00.06.38:905][  0]BlueprintLog: New page: Editor Load
[2022.02.02-00.06.38:945][  0]LocalizationService: Localization service is disabled
[2022.02.02-00.06.38:959][  0]TimingProfiler: Initialize
[2022.02.02-00.06.38:959][  0]TimingProfiler: OnSessionChanged
[2022.02.02-00.06.38:959][  0]LoadingProfiler: Initialize
[2022.02.02-00.06.38:959][  0]LoadingProfiler: OnSessionChanged
[2022.02.02-00.06.38:959][  0]NetworkingProfiler: Initialize
[2022.02.02-00.06.38:959][  0]NetworkingProfiler: OnSessionChanged
[2022.02.02-00.06.38:959][  0]MemoryProfiler: Initialize
[2022.02.02-00.06.38:959][  0]MemoryProfiler: OnSessionChanged
[2022.02.02-00.06.39:062][  0]LogCook: Display: CookSettings for Memory: MemoryMaxUsedVirtual 0MiB, MemoryMaxUsedPhysical 16384MiB, MemoryMinFreeVirtual 0MiB, MemoryMinFreePhysical 1024MiB
[2022.02.02-00.06.39:062][  0]LogFileCache: Scanning file cache for directory 'C:/Users/bdavies/git/test-repo-2/NewProject/Content/' took 0.00s
[2022.02.02-00.06.39:062][  0]LogCook: Display: Mobile HDR setting 1
[2022.02.02-00.06.39:326][  0]LogInit: Display: Engine is initialized. Leaving FEngineLoop::Init()
[2022.02.02-00.06.39:328][  0]SourceControl: Source control is disabled
[2022.02.02-00.06.39:328][  0]LogUnrealEdMisc: Loading editor; pre map load, took 4.825
[2022.02.02-00.06.39:328][  0]Cmd: MAP LOAD FILE="../../../Engine/Content/Maps/Templates/Template_Default.umap" TEMPLATE=1 SHOWPROGRESS=1 FEATURELEVEL=3
[2022.02.02-00.06.39:329][  0]LightingResults: New page: Lighting Build
[2022.02.02-00.06.39:330][  0]LogWorld: UWorld::CleanupWorld for Untitled, bSessionEnded=true, bCleanupResources=true
[2022.02.02-00.06.39:330][  0]LogSlate: InvalidateAllWidgets triggered.  All widgets were invalidated
[2022.02.02-00.06.39:330][  0]MapCheck: New page: Map Check
[2022.02.02-00.06.39:330][  0]LightingResults: New page: Lighting Build
[2022.02.02-00.06.39:334][  0]LogAudio: Display: Audio Device unregistered from world 'None'.
[2022.02.02-00.06.39:337][  0]LogUObjectHash: Compacting FUObjectHashTables data took   0.69ms
[2022.02.02-00.06.39:368][  0]LogTexture: Display: Building textures: DeprecatedTextureEB9CBE3C423008B5E8E130901E171C89 (BGRA8, 128X128)
[2022.02.02-00.06.39:370][  0]LogAudio: Display: Audio Device (ID: 1) registered with world 'Untitled_1'.
[2022.02.02-00.06.39:371][  0]LogAIModule: Creating AISystem for world Untitled_1
[2022.02.02-00.06.39:373][  0]LogEditorServer: Finished looking for orphan Actors (0.000 secs)
[2022.02.02-00.06.39:378][  0]LogUObjectHash: Compacting FUObjectHashTables data took   0.78ms
[2022.02.02-00.06.39:379][  0]Cmd: MAP CHECKDEP NOCLEARLOG
[2022.02.02-00.06.39:379][  0]MapCheck: Map check complete: 0 Error(s), 0 Warning(s), took 0.124ms to complete.
[2022.02.02-00.06.39:379][  0]LogFileHelpers: Loading map 'Template_Default' took 0.050
[2022.02.02-00.06.39:380][  0]LogUnrealEdMisc: Total Editor Startup Time, took 4.877
[2022.02.02-00.06.39:503][  0]LogSlate: Updating window title bar state: overlay mode, drag disabled, window buttons hidden, title bar hidden
[2022.02.02-00.06.39:508][  0]LogSlate: Updating window title bar state: overlay mode, drag disabled, window buttons hidden, title bar hidden
[2022.02.02-00.06.39:512][  0]LogSlate: Updating window title bar state: overlay mode, drag disabled, window buttons hidden, title bar hidden
[2022.02.02-00.06.39:516][  0]LogSlate: Updating window title bar state: overlay mode, drag disabled, window buttons hidden, title bar hidden
[2022.02.02-00.06.39:527][  0]LogNativeClassHierarchy: Verbose: Native class hierarchy populated in 0.0074 seconds. Added 3822 classes and 928 folders.
[2022.02.02-00.06.39:530][  0]LogNativeClassHierarchy: Verbose: Native class hierarchy updated for 'WidgetCarousel' in 0.0002 seconds. Added 0 classes and 0 folders.
[2022.02.02-00.06.39:531][  0]LogPakFile: PakFile PrimaryIndexSize=187
[2022.02.02-00.06.39:531][  0]LogPakFile: PakFile PathHashIndexSize=101
[2022.02.02-00.06.39:531][  0]LogPakFile: PakFile FullDirectoryIndexSize=148
[2022.02.02-00.06.39:531][  0]LogShaderLibrary: Display: ShaderCodeLibraryPakFileMountedCallback: PakFile 'C:/Program Files/Epic Games/UE_4.27/FeaturePacks/FP_FirstPerson.upack' (chunk index -1, root 'root:/') mounted
[2022.02.02-00.06.39:531][  0]LogShaderLibrary: Display: ShaderCodeLibraryPakFileMountedCallback: pending pak file info (ChunkID:-1 Root:root:/ File:C:/Program Files/Epic Games/UE_4.27/FeaturePacks/FP_FirstPerson.upack)
[2022.02.02-00.06.39:531][  0]LogPakFile: OnPakFileMounted2Time == 0.000041
[2022.02.02-00.06.39:532][  0]LogPakFile: PakFile PrimaryIndexSize=189
[2022.02.02-00.06.39:532][  0]LogPakFile: PakFile PathHashIndexSize=101
[2022.02.02-00.06.39:532][  0]LogPakFile: PakFile FullDirectoryIndexSize=152
[2022.02.02-00.06.39:532][  0]LogShaderLibrary: Display: ShaderCodeLibraryPakFileMountedCallback: PakFile 'C:/Program Files/Epic Games/UE_4.27/FeaturePacks/FP_FirstPersonBP.upack' (chunk index -1, root 'root:/') mounted
[2022.02.02-00.06.39:532][  0]LogShaderLibrary: Display: ShaderCodeLibraryPakFileMountedCallback: pending pak file info (ChunkID:-1 Root:root:/ File:C:/Program Files/Epic Games/UE_4.27/FeaturePacks/FP_FirstPersonBP.upack)
[2022.02.02-00.06.39:532][  0]LogPakFile: OnPakFileMounted2Time == 0.000028
[2022.02.02-00.06.39:532][  0]LogPakFile: PakFile PrimaryIndexSize=191
[2022.02.02-00.06.39:532][  0]LogPakFile: PakFile PathHashIndexSize=101
[2022.02.02-00.06.39:532][  0]LogPakFile: PakFile FullDirectoryIndexSize=160
[2022.02.02-00.06.39:532][  0]LogShaderLibrary: Display: ShaderCodeLibraryPakFileMountedCallback: PakFile 'C:/Program Files/Epic Games/UE_4.27/FeaturePacks/MobileStarterContent.upack' (chunk index -1, root 'root:/') mounted
[2022.02.02-00.06.39:532][  0]LogShaderLibrary: Display: ShaderCodeLibraryPakFileMountedCallback: pending pak file info (ChunkID:-1 Root:root:/ File:C:/Program Files/Epic Games/UE_4.27/FeaturePacks/MobileStarterContent.upack)
[2022.02.02-00.06.39:532][  0]LogPakFile: OnPakFileMounted2Time == 0.000025
[2022.02.02-00.06.39:532][  0]LogPakFile: PakFile PrimaryIndexSize=185
[2022.02.02-00.06.39:532][  0]LogPakFile: PakFile PathHashIndexSize=101
[2022.02.02-00.06.39:532][  0]LogPakFile: PakFile FullDirectoryIndexSize=148
[2022.02.02-00.06.39:532][  0]LogShaderLibrary: Display: ShaderCodeLibraryPakFileMountedCallback: PakFile 'C:/Program Files/Epic Games/UE_4.27/FeaturePacks/StarterContent.upack' (chunk index -1, root 'root:/') mounted
[2022.02.02-00.06.39:532][  0]LogShaderLibrary: Display: ShaderCodeLibraryPakFileMountedCallback: pending pak file info (ChunkID:-1 Root:root:/ File:C:/Program Files/Epic Games/UE_4.27/FeaturePacks/StarterContent.upack)
[2022.02.02-00.06.39:532][  0]LogPakFile: OnPakFileMounted2Time == 0.000028
[2022.02.02-00.06.39:533][  0]LogPakFile: PakFile PrimaryIndexSize=190
[2022.02.02-00.06.39:533][  0]LogPakFile: PakFile PathHashIndexSize=101
[2022.02.02-00.06.39:533][  0]LogPakFile: PakFile FullDirectoryIndexSize=154
[2022.02.02-00.06.39:533][  0]LogShaderLibrary: Display: ShaderCodeLibraryPakFileMountedCallback: PakFile 'C:/Program Files/Epic Games/UE_4.27/FeaturePacks/TP_2DSideScroller.upack' (chunk index -1, root 'root:/') mounted
[2022.02.02-00.06.39:533][  0]LogShaderLibrary: Display: ShaderCodeLibraryPakFileMountedCallback: pending pak file info (ChunkID:-1 Root:root:/ File:C:/Program Files/Epic Games/UE_4.27/FeaturePacks/TP_2DSideScroller.upack)
[2022.02.02-00.06.39:533][  0]LogPakFile: OnPakFileMounted2Time == 0.000028
[2022.02.02-00.06.39:533][  0]LogPakFile: PakFile PrimaryIndexSize=192
[2022.02.02-00.06.39:533][  0]LogPakFile: PakFile PathHashIndexSize=101
[2022.02.02-00.06.39:533][  0]LogPakFile: PakFile FullDirectoryIndexSize=158
[2022.02.02-00.06.39:533][  0]LogShaderLibrary: Display: ShaderCodeLibraryPakFileMountedCallback: PakFile 'C:/Program Files/Epic Games/UE_4.27/FeaturePacks/TP_2DSideScrollerBP.upack' (chunk index -1, root 'root:/') mounted
[2022.02.02-00.06.39:533][  0]LogShaderLibrary: Display: ShaderCodeLibraryPakFileMountedCallback: pending pak file info (ChunkID:-1 Root:root:/ File:C:/Program Files/Epic Games/UE_4.27/FeaturePacks/TP_2DSideScrollerBP.upack)
[2022.02.02-00.06.39:533][  0]LogPakFile: OnPakFileMounted2Time == 0.000025
[2022.02.02-00.06.39:534][  0]LogPakFile: PakFile PrimaryIndexSize=182
[2022.02.02-00.06.39:534][  0]LogPakFile: PakFile PathHashIndexSize=101
[2022.02.02-00.06.39:534][  0]LogPakFile: PakFile FullDirectoryIndexSize=138
[2022.02.02-00.06.39:534][  0]LogShaderLibrary: Display: ShaderCodeLibraryPakFileMountedCallback: PakFile 'C:/Program Files/Epic Games/UE_4.27/FeaturePacks/TP_Flying.upack' (chunk index -1, root 'root:/') mounted
[2022.02.02-00.06.39:534][  0]LogShaderLibrary: Display: ShaderCodeLibraryPakFileMountedCallback: pending pak file info (ChunkID:-1 Root:root:/ File:C:/Program Files/Epic Games/UE_4.27/FeaturePacks/TP_Flying.upack)
[2022.02.02-00.06.39:534][  0]LogPakFile: OnPakFileMounted2Time == 0.000025
[2022.02.02-00.06.39:534][  0]LogPakFile: PakFile PrimaryIndexSize=184
[2022.02.02-00.06.39:534][  0]LogPakFile: PakFile PathHashIndexSize=101
[2022.02.02-00.06.39:534][  0]LogPakFile: PakFile FullDirectoryIndexSize=142
[2022.02.02-00.06.39:534][  0]LogShaderLibrary: Display: ShaderCodeLibraryPakFileMountedCallback: PakFile 'C:/Program Files/Epic Games/UE_4.27/FeaturePacks/TP_FlyingBP.upack' (chunk index -1, root 'root:/') mounted
[2022.02.02-00.06.39:534][  0]LogShaderLibrary: Display: ShaderCodeLibraryPakFileMountedCallback: pending pak file info (ChunkID:-1 Root:root:/ File:C:/Program Files/Epic Games/UE_4.27/FeaturePacks/TP_FlyingBP.upack)
[2022.02.02-00.06.39:534][  0]LogPakFile: OnPakFileMounted2Time == 0.000025
[2022.02.02-00.06.39:535][  0]LogPakFile: PakFile PrimaryIndexSize=188
[2022.02.02-00.06.39:535][  0]LogPakFile: PakFile PathHashIndexSize=101
[2022.02.02-00.06.39:535][  0]LogPakFile: PakFile FullDirectoryIndexSize=150
[2022.02.02-00.06.39:535][  0]LogShaderLibrary: Display: ShaderCodeLibraryPakFileMountedCallback: PakFile 'C:/Program Files/Epic Games/UE_4.27/FeaturePacks/TP_HandheldARBP.upack' (chunk index -1, root 'root:/') mounted
[2022.02.02-00.06.39:535][  0]LogShaderLibrary: Display: ShaderCodeLibraryPakFileMountedCallback: pending pak file info (ChunkID:-1 Root:root:/ File:C:/Program Files/Epic Games/UE_4.27/FeaturePacks/TP_HandheldARBP.upack)
[2022.02.02-00.06.39:535][  0]LogPakFile: OnPakFileMounted2Time == 0.000029
[2022.02.02-00.06.39:535][  0]LogPakFile: PakFile PrimaryIndexSize=182
[2022.02.02-00.06.39:535][  0]LogPakFile: PakFile PathHashIndexSize=101
[2022.02.02-00.06.39:535][  0]LogPakFile: PakFile FullDirectoryIndexSize=138
[2022.02.02-00.06.39:535][  0]LogShaderLibrary: Display: ShaderCodeLibraryPakFileMountedCallback: PakFile 'C:/Program Files/Epic Games/UE_4.27/FeaturePacks/TP_Puzzle.upack' (chunk index -1, root 'root:/') mounted
[2022.02.02-00.06.39:535][  0]LogShaderLibrary: Display: ShaderCodeLibraryPakFileMountedCallback: pending pak file info (ChunkID:-1 Root:root:/ File:C:/Program Files/Epic Games/UE_4.27/FeaturePacks/TP_Puzzle.upack)
[2022.02.02-00.06.39:535][  0]LogPakFile: OnPakFileMounted2Time == 0.000025
[2022.02.02-00.06.39:536][  0]LogPakFile: PakFile PrimaryIndexSize=184
[2022.02.02-00.06.39:536][  0]LogPakFile: PakFile PathHashIndexSize=101
[2022.02.02-00.06.39:536][  0]LogPakFile: PakFile FullDirectoryIndexSize=142
[2022.02.02-00.06.39:536][  0]LogShaderLibrary: Display: ShaderCodeLibraryPakFileMountedCallback: PakFile 'C:/Program Files/Epic Games/UE_4.27/FeaturePacks/TP_PuzzleBP.upack' (chunk index -1, root 'root:/') mounted
[2022.02.02-00.06.39:536][  0]LogShaderLibrary: Display: ShaderCodeLibraryPakFileMountedCallback: pending pak file info (ChunkID:-1 Root:root:/ File:C:/Program Files/Epic Games/UE_4.27/FeaturePacks/TP_PuzzleBP.upack)
[2022.02.02-00.06.39:536][  0]LogPakFile: OnPakFileMounted2Time == 0.000025
[2022.02.02-00.06.39:536][  0]LogPakFile: PakFile PrimaryIndexSize=183
[2022.02.02-00.06.39:536][  0]LogPakFile: PakFile PathHashIndexSize=101
[2022.02.02-00.06.39:536][  0]LogPakFile: PakFile FullDirectoryIndexSize=140
[2022.02.02-00.06.39:536][  0]LogShaderLibrary: Display: ShaderCodeLibraryPakFileMountedCallback: PakFile 'C:/Program Files/Epic Games/UE_4.27/FeaturePacks/TP_Rolling.upack' (chunk index -1, root 'root:/') mounted
[2022.02.02-00.06.39:536][  0]LogShaderLibrary: Display: ShaderCodeLibraryPakFileMountedCallback: pending pak file info (ChunkID:-1 Root:root:/ File:C:/Program Files/Epic Games/UE_4.27/FeaturePacks/TP_Rolling.upack)
[2022.02.02-00.06.39:536][  0]LogPakFile: OnPakFileMounted2Time == 0.000026
[2022.02.02-00.06.39:536][  0]LogPakFile: PakFile PrimaryIndexSize=185
[2022.02.02-00.06.39:536][  0]LogPakFile: PakFile PathHashIndexSize=101
[2022.02.02-00.06.39:536][  0]LogPakFile: PakFile FullDirectoryIndexSize=144
[2022.02.02-00.06.39:536][  0]LogShaderLibrary: Display: ShaderCodeLibraryPakFileMountedCallback: PakFile 'C:/Program Files/Epic Games/UE_4.27/FeaturePacks/TP_RollingBP.upack' (chunk index -1, root 'root:/') mounted
[2022.02.02-00.06.39:536][  0]LogShaderLibrary: Display: ShaderCodeLibraryPakFileMountedCallback: pending pak file info (ChunkID:-1 Root:root:/ File:C:/Program Files/Epic Games/UE_4.27/FeaturePacks/TP_RollingBP.upack)
[2022.02.02-00.06.39:536][  0]LogPakFile: OnPakFileMounted2Time == 0.000025
[2022.02.02-00.06.39:536][  0]LogPakFile: PakFile PrimaryIndexSize=188
[2022.02.02-00.06.39:536][  0]LogPakFile: PakFile PathHashIndexSize=101
[2022.02.02-00.06.39:536][  0]LogPakFile: PakFile FullDirectoryIndexSize=150
[2022.02.02-00.06.39:536][  0]LogShaderLibrary: Display: ShaderCodeLibraryPakFileMountedCallback: PakFile 'C:/Program Files/Epic Games/UE_4.27/FeaturePacks/TP_SideScroller.upack' (chunk index -1, root 'root:/') mounted
[2022.02.02-00.06.39:536][  0]LogShaderLibrary: Display: ShaderCodeLibraryPakFileMountedCallback: pending pak file info (ChunkID:-1 Root:root:/ File:C:/Program Files/Epic Games/UE_4.27/FeaturePacks/TP_SideScroller.upack)
[2022.02.02-00.06.39:536][  0]LogPakFile: OnPakFileMounted2Time == 0.000025
[2022.02.02-00.06.39:537][  0]LogPakFile: PakFile PrimaryIndexSize=190
[2022.02.02-00.06.39:537][  0]LogPakFile: PakFile PathHashIndexSize=101
[2022.02.02-00.06.39:537][  0]LogPakFile: PakFile FullDirectoryIndexSize=154
[2022.02.02-00.06.39:537][  0]LogShaderLibrary: Display: ShaderCodeLibraryPakFileMountedCallback: PakFile 'C:/Program Files/Epic Games/UE_4.27/FeaturePacks/TP_SideScrollerBP.upack' (chunk index -1, root 'root:/') mounted
[2022.02.02-00.06.39:537][  0]LogShaderLibrary: Display: ShaderCodeLibraryPakFileMountedCallback: pending pak file info (ChunkID:-1 Root:root:/ File:C:/Program Files/Epic Games/UE_4.27/FeaturePacks/TP_SideScrollerBP.upack)
[2022.02.02-00.06.39:537][  0]LogPakFile: OnPakFileMounted2Time == 0.000025
[2022.02.02-00.06.39:537][  0]LogPakFile: PakFile PrimaryIndexSize=187
[2022.02.02-00.06.39:537][  0]LogPakFile: PakFile PathHashIndexSize=101
[2022.02.02-00.06.39:537][  0]LogPakFile: PakFile FullDirectoryIndexSize=148
[2022.02.02-00.06.39:537][  0]LogShaderLibrary: Display: ShaderCodeLibraryPakFileMountedCallback: PakFile 'C:/Program Files/Epic Games/UE_4.27/FeaturePacks/TP_ThirdPerson.upack' (chunk index -1, root 'root:/') mounted
[2022.02.02-00.06.39:537][  0]LogShaderLibrary: Display: ShaderCodeLibraryPakFileMountedCallback: pending pak file info (ChunkID:-1 Root:root:/ File:C:/Program Files/Epic Games/UE_4.27/FeaturePacks/TP_ThirdPerson.upack)
[2022.02.02-00.06.39:537][  0]LogPakFile: OnPakFileMounted2Time == 0.000025
[2022.02.02-00.06.39:537][  0]LogPakFile: PakFile PrimaryIndexSize=189
[2022.02.02-00.06.39:538][  0]LogPakFile: PakFile PathHashIndexSize=101
[2022.02.02-00.06.39:538][  0]LogPakFile: PakFile FullDirectoryIndexSize=152
[2022.02.02-00.06.39:538][  0]LogShaderLibrary: Display: ShaderCodeLibraryPakFileMountedCallback: PakFile 'C:/Program Files/Epic Games/UE_4.27/FeaturePacks/TP_ThirdPersonBP.upack' (chunk index -1, root 'root:/') mounted
[2022.02.02-00.06.39:538][  0]LogShaderLibrary: Display: ShaderCodeLibraryPakFileMountedCallback: pending pak file info (ChunkID:-1 Root:root:/ File:C:/Program Files/Epic Games/UE_4.27/FeaturePacks/TP_ThirdPersonBP.upack)
[2022.02.02-00.06.39:538][  0]LogPakFile: OnPakFileMounted2Time == 0.000028
[2022.02.02-00.06.39:538][  0]LogPakFile: PakFile PrimaryIndexSize=183
[2022.02.02-00.06.39:538][  0]LogPakFile: PakFile PathHashIndexSize=101
[2022.02.02-00.06.39:538][  0]LogPakFile: PakFile FullDirectoryIndexSize=140
[2022.02.02-00.06.39:538][  0]LogShaderLibrary: Display: ShaderCodeLibraryPakFileMountedCallback: PakFile 'C:/Program Files/Epic Games/UE_4.27/FeaturePacks/TP_TopDown.upack' (chunk index -1, root 'root:/') mounted
[2022.02.02-00.06.39:538][  0]LogShaderLibrary: Display: ShaderCodeLibraryPakFileMountedCallback: pending pak file info (ChunkID:-1 Root:root:/ File:C:/Program Files/Epic Games/UE_4.27/FeaturePacks/TP_TopDown.upack)
[2022.02.02-00.06.39:538][  0]LogPakFile: OnPakFileMounted2Time == 0.000030
[2022.02.02-00.06.39:538][  0]LogPakFile: PakFile PrimaryIndexSize=185
[2022.02.02-00.06.39:538][  0]LogPakFile: PakFile PathHashIndexSize=101
[2022.02.02-00.06.39:538][  0]LogPakFile: PakFile FullDirectoryIndexSize=144
[2022.02.02-00.06.39:538][  0]LogShaderLibrary: Display: ShaderCodeLibraryPakFileMountedCallback: PakFile 'C:/Program Files/Epic Games/UE_4.27/FeaturePacks/TP_TopDownBP.upack' (chunk index -1, root 'root:/') mounted
[2022.02.02-00.06.39:538][  0]LogShaderLibrary: Display: ShaderCodeLibraryPakFileMountedCallback: pending pak file info (ChunkID:-1 Root:root:/ File:C:/Program Files/Epic Games/UE_4.27/FeaturePacks/TP_TopDownBP.upack)
[2022.02.02-00.06.39:538][  0]LogPakFile: OnPakFileMounted2Time == 0.000026
[2022.02.02-00.06.39:539][  0]LogPakFile: PakFile PrimaryIndexSize=185
[2022.02.02-00.06.39:539][  0]LogPakFile: PakFile PathHashIndexSize=101
[2022.02.02-00.06.39:539][  0]LogPakFile: PakFile FullDirectoryIndexSize=144
[2022.02.02-00.06.39:539][  0]LogShaderLibrary: Display: ShaderCodeLibraryPakFileMountedCallback: PakFile 'C:/Program Files/Epic Games/UE_4.27/FeaturePacks/TP_TwinStick.upack' (chunk index -1, root 'root:/') mounted
[2022.02.02-00.06.39:539][  0]LogShaderLibrary: Display: ShaderCodeLibraryPakFileMountedCallback: pending pak file info (ChunkID:-1 Root:root:/ File:C:/Program Files/Epic Games/UE_4.27/FeaturePacks/TP_TwinStick.upack)
[2022.02.02-00.06.39:539][  0]LogPakFile: OnPakFileMounted2Time == 0.000025
[2022.02.02-00.06.39:539][  0]LogPakFile: PakFile PrimaryIndexSize=187
[2022.02.02-00.06.39:539][  0]LogPakFile: PakFile PathHashIndexSize=101
[2022.02.02-00.06.39:539][  0]LogPakFile: PakFile FullDirectoryIndexSize=148
[2022.02.02-00.06.39:539][  0]LogShaderLibrary: Display: ShaderCodeLibraryPakFileMountedCallback: PakFile 'C:/Program Files/Epic Games/UE_4.27/FeaturePacks/TP_TwinStickBP.upack' (chunk index -1, root 'root:/') mounted
[2022.02.02-00.06.39:539][  0]LogShaderLibrary: Display: ShaderCodeLibraryPakFileMountedCallback: pending pak file info (ChunkID:-1 Root:root:/ File:C:/Program Files/Epic Games/UE_4.27/FeaturePacks/TP_TwinStickBP.upack)
[2022.02.02-00.06.39:539][  0]LogPakFile: OnPakFileMounted2Time == 0.000028
[2022.02.02-00.06.39:540][  0]LogPakFile: PakFile PrimaryIndexSize=183
[2022.02.02-00.06.39:540][  0]LogPakFile: PakFile PathHashIndexSize=101
[2022.02.02-00.06.39:540][  0]LogPakFile: PakFile FullDirectoryIndexSize=140
[2022.02.02-00.06.39:540][  0]LogShaderLibrary: Display: ShaderCodeLibraryPakFileMountedCallback: PakFile 'C:/Program Files/Epic Games/UE_4.27/FeaturePacks/TP_Vehicle.upack' (chunk index -1, root 'root:/') mounted
[2022.02.02-00.06.39:540][  0]LogShaderLibrary: Display: ShaderCodeLibraryPakFileMountedCallback: pending pak file info (ChunkID:-1 Root:root:/ File:C:/Program Files/Epic Games/UE_4.27/FeaturePacks/TP_Vehicle.upack)
[2022.02.02-00.06.39:540][  0]LogPakFile: OnPakFileMounted2Time == 0.000025
[2022.02.02-00.06.39:540][  0]LogPakFile: PakFile PrimaryIndexSize=186
[2022.02.02-00.06.39:540][  0]LogPakFile: PakFile PathHashIndexSize=101
[2022.02.02-00.06.39:540][  0]LogPakFile: PakFile FullDirectoryIndexSize=146
[2022.02.02-00.06.39:540][  0]LogShaderLibrary: Display: ShaderCodeLibraryPakFileMountedCallback: PakFile 'C:/Program Files/Epic Games/UE_4.27/FeaturePacks/TP_VehicleAdv.upack' (chunk index -1, root 'root:/') mounted
[2022.02.02-00.06.39:540][  0]LogShaderLibrary: Display: ShaderCodeLibraryPakFileMountedCallback: pending pak file info (ChunkID:-1 Root:root:/ File:C:/Program Files/Epic Games/UE_4.27/FeaturePacks/TP_VehicleAdv.upack)
[2022.02.02-00.06.39:540][  0]LogPakFile: OnPakFileMounted2Time == 0.000025
[2022.02.02-00.06.39:540][  0]LogPakFile: PakFile PrimaryIndexSize=188
[2022.02.02-00.06.39:540][  0]LogPakFile: PakFile PathHashIndexSize=101
[2022.02.02-00.06.39:540][  0]LogPakFile: PakFile FullDirectoryIndexSize=150
[2022.02.02-00.06.39:540][  0]LogShaderLibrary: Display: ShaderCodeLibraryPakFileMountedCallback: PakFile 'C:/Program Files/Epic Games/UE_4.27/FeaturePacks/TP_VehicleAdvBP.upack' (chunk index -1, root 'root:/') mounted
[2022.02.02-00.06.39:540][  0]LogShaderLibrary: Display: ShaderCodeLibraryPakFileMountedCallback: pending pak file info (ChunkID:-1 Root:root:/ File:C:/Program Files/Epic Games/UE_4.27/FeaturePacks/TP_VehicleAdvBP.upack)
[2022.02.02-00.06.39:540][  0]LogPakFile: OnPakFileMounted2Time == 0.000025
[2022.02.02-00.06.39:541][  0]LogPakFile: PakFile PrimaryIndexSize=185
[2022.02.02-00.06.39:541][  0]LogPakFile: PakFile PathHashIndexSize=101
[2022.02.02-00.06.39:541][  0]LogPakFile: PakFile FullDirectoryIndexSize=144
[2022.02.02-00.06.39:541][  0]LogShaderLibrary: Display: ShaderCodeLibraryPakFileMountedCallback: PakFile 'C:/Program Files/Epic Games/UE_4.27/FeaturePacks/TP_VehicleBP.upack' (chunk index -1, root 'root:/') mounted
[2022.02.02-00.06.39:541][  0]LogShaderLibrary: Display: ShaderCodeLibraryPakFileMountedCallback: pending pak file info (ChunkID:-1 Root:root:/ File:C:/Program Files/Epic Games/UE_4.27/FeaturePacks/TP_VehicleBP.upack)
[2022.02.02-00.06.39:541][  0]LogPakFile: OnPakFileMounted2Time == 0.000029
[2022.02.02-00.06.39:541][  0]LogPakFile: PakFile PrimaryIndexSize=192
[2022.02.02-00.06.39:541][  0]LogPakFile: PakFile PathHashIndexSize=101
[2022.02.02-00.06.39:541][  0]LogPakFile: PakFile FullDirectoryIndexSize=158
[2022.02.02-00.06.39:541][  0]LogShaderLibrary: Display: ShaderCodeLibraryPakFileMountedCallback: PakFile 'C:/Program Files/Epic Games/UE_4.27/FeaturePacks/TP_VirtualRealityBP.upack' (chunk index -1, root 'root:/') mounted
[2022.02.02-00.06.39:541][  0]LogShaderLibrary: Display: ShaderCodeLibraryPakFileMountedCallback: pending pak file info (ChunkID:-1 Root:root:/ File:C:/Program Files/Epic Games/UE_4.27/FeaturePacks/TP_VirtualRealityBP.upack)
[2022.02.02-00.06.39:541][  0]LogPakFile: OnPakFileMounted2Time == 0.000027
[2022.02.02-00.06.39:575][  0]LogNativeClassHierarchy: Verbose: Native class hierarchy updated for 'AddContentDialog' in 0.0002 seconds. Added 0 classes and 0 folders.
[2022.02.02-00.06.39:576][  0]LogNativeClassHierarchy: Verbose: Native class hierarchy updated for 'SceneOutliner' in 0.0002 seconds. Added 2 classes and 0 folders.
[2022.02.02-00.06.39:617][  0]LogSlate: Took 0.000322 seconds to synchronously load lazily loaded font '../../../Engine/Content/Slate/Fonts/Roboto-Regular.ttf' (155K)
[2022.02.02-00.06.39:620][  0]LogSlate: Took 0.000252 seconds to synchronously load lazily loaded font '../../../Engine/Content/Editor/Slate/Fonts/FontAwesome.ttf' (139K)
[2022.02.02-00.06.39:622][  0]LogSlate: Took 0.000202 seconds to synchronously load lazily loaded font '../../../Engine/Content/Slate/Fonts/Roboto-Bold.ttf' (160K)
[2022.02.02-00.06.39:687][  0]LogRenderer: Reallocating scene render targets to support 1616x808 Format 10 NumSamples 1 (Frame:1).
[2022.02.02-00.06.39:788][  0]LogNativeClassHierarchy: Verbose: Native class hierarchy updated for 'HierarchicalLODOutliner' in 0.0002 seconds. Added 0 classes and 0 folders.
[2022.02.02-00.06.39:788][  0]LogLoad: (Engine Initialization) Total time: 5.29 seconds
[2022.02.02-00.06.39:788][  0]LogLoad: (Engine Initialization) Total Blueprint compile time: 0.00 seconds
[2022.02.02-00.06.39:822][  0]LogAssetRegistry: Asset discovery search completed in 3.0175 seconds
[2022.02.02-00.06.39:826][  0]LogCollectionManager: Fixed up redirectors for 0 collections in 0.000003 seconds (updated 0 objects)
[2022.02.02-00.06.39:827][  0]LogContentStreaming: Texture pool size now 1000 MB
[2022.02.02-00.06.42:525][314]LogUObjectHash: Compacting FUObjectHashTables data took   0.50ms
[2022.02.02-00.06.42:531][314]LogSlate: Took 0.000094 seconds to synchronously load lazily loaded font '../../../Engine/Content/Slate/Fonts/Roboto-Light.ttf' (167K)
[2022.02.02-00.06.42:553][314]LogAssetEditorSubsystem: Opening Asset editor for World /Game/NewMap.NewMap
[2022.02.02-00.06.42:555][314]Cmd: MAP LOAD FILE="../../../../../../Users/bdavies/git/test-repo-2/NewProject/Content/NewMap.umap" TEMPLATE=0 SHOWPROGRESS=1 FEATURELEVEL=3
[2022.02.02-00.06.42:555][314]LightingResults: New page: Lighting Build
[2022.02.02-00.06.42:555][314]LoadErrors: New page: Loading map: NewMap.umap
[2022.02.02-00.06.42:576][314]LogWorld: UWorld::CleanupWorld for Untitled_1, bSessionEnded=true, bCleanupResources=true
[2022.02.02-00.06.42:576][314]LogSlate: InvalidateAllWidgets triggered.  All widgets were invalidated
[2022.02.02-00.06.42:576][314]MapCheck: New page: Map Check
[2022.02.02-00.06.42:576][314]LightingResults: New page: Lighting Build
[2022.02.02-00.06.42:580][314]LogAudio: Display: Audio Device unregistered from world 'None'.
[2022.02.02-00.06.42:582][314]LogUObjectHash: Compacting FUObjectHashTables data took   0.71ms
[2022.02.02-00.06.42:582][314]LogAudio: Display: Audio Device (ID: 1) registered with world 'NewMap'.
[2022.02.02-00.06.42:584][314]LogEditorServer: Finished looking for orphan Actors (0.000 secs)
[2022.02.02-00.06.42:584][314]LogAIModule: Creating AISystem for world NewMap
[2022.02.02-00.06.42:590][314]LogUObjectHash: Compacting FUObjectHashTables data took   0.54ms
[2022.02.02-00.06.42:595][314]Cmd: MAP CHECKDEP NOCLEARLOG
[2022.02.02-00.06.42:596][314]MapCheck: Map check complete: 0 Error(s), 0 Warning(s), took 0.098ms to complete.
[2022.02.02-00.06.42:596][314]LogFileHelpers: Loading map 'NewMap' took 0.041
[2022.02.02-00.06.44:515][538]LogSlate: Took 0.000130 seconds to synchronously load lazily loaded font '../../../Engine/Content/Slate/Fonts/Roboto-Italic.ttf' (157K)
[2022.02.02-00.06.48:573][ 10]LogAssetEditorSubsystem: Opening Asset editor for Blueprint /Game/MyActor.MyActor
[2022.02.02-00.06.48:732][ 10]LogNativeClassHierarchy: Verbose: Native class hierarchy updated for 'BlueprintGraph' in 0.0004 seconds. Added 126 classes and 0 folders.
[2022.02.02-00.06.49:385][ 10]LogSlate: Took 0.000171 seconds to synchronously load lazily loaded font '../../../Engine/Content/Slate/Fonts/Roboto-BoldCondensed.ttf' (158K)
[2022.02.02-00.07.48:941][629]LogEditorViewport: Clicking on Actor (LMB): StaticMeshActor (Floor)
[2022.02.02-00.07.50:262][756]LogTemp: Repeating last play command: Selected Viewport
[2022.02.02-00.07.50:265][756]LogPlayLevel: PlayLevel: No blueprints needed recompiling
[2022.02.02-00.07.50:265][756]PIE: New page: PIE session: NewMap (Feb 1, 2022, 2:07:50 PM)
[2022.02.02-00.07.50:266][756]LogOnline: OSS: Creating online subsystem instance for: NULL
[2022.02.02-00.07.50:267][756]LogOnline: OSS: TryLoadSubsystemAndSetDefault: Loaded subsystem for module [NULL]
[2022.02.02-00.07.50:267][756]LogPlayLevel: Creating play world package: /Game/UEDPIE_0_NewMap
[2022.02.02-00.07.50:269][756]LogPlayLevel: PIE: StaticDuplicateObject took: (0.001772s)
[2022.02.02-00.07.50:269][756]LogAIModule: Creating AISystem for world NewMap
[2022.02.02-00.07.50:270][756]LogPlayLevel: PIE: World Init took: (0.000913s)
[2022.02.02-00.07.50:270][756]LogPlayLevel: PIE: Created PIE world by copying editor world from /Game/NewMap.NewMap to /Game/UEDPIE_0_NewMap.NewMap (0.002780s)
[2022.02.02-00.07.50:287][756]LogUObjectHash: Compacting FUObjectHashTables data took   1.65ms
[2022.02.02-00.07.50:288][756]LogAudio: Display: Creating Audio Device:                 Id: 2, Scope: Unique, Realtime: True
[2022.02.02-00.07.50:288][756]LogAudioMixer: Display: Audio Mixer Platform Settings:
[2022.02.02-00.07.50:288][756]LogAudioMixer: Display: 	Sample Rate:						  48000
[2022.02.02-00.07.50:288][756]LogAudioMixer: Display: 	Callback Buffer Frame Size Requested: 1024
[2022.02.02-00.07.50:288][756]LogAudioMixer: Display: 	Callback Buffer Frame Size To Use:	  1024
[2022.02.02-00.07.50:288][756]LogAudioMixer: Display: 	Number of buffers to queue:			  2
[2022.02.02-00.07.50:288][756]LogAudioMixer: Display: 	Max Channels (voices):				  32
[2022.02.02-00.07.50:288][756]LogAudioMixer: Display: 	Number of Async Source Workers:		  0
[2022.02.02-00.07.50:288][756]LogAudio: Display: AudioDevice MaxSources: 32
[2022.02.02-00.07.50:289][756]LogAudio: Display: Audio Spatialization Plugin: None (built-in).
[2022.02.02-00.07.50:289][756]LogAudio: Display: Audio Reverb Plugin: None (built-in).
[2022.02.02-00.07.50:289][756]LogAudio: Display: Audio Occlusion Plugin: None (built-in).
[2022.02.02-00.07.50:289][756]LogAudioMixer: Display: Initializing audio mixer.
[2022.02.02-00.07.50:291][756]LogAudioMixer: Display: 0: FrontLeft
[2022.02.02-00.07.50:291][756]LogAudioMixer: Display: 1: FrontRight
[2022.02.02-00.07.50:298][756]LogAudioMixer: Display: Using Audio Device Headphones (Logi Z407 Stereo)
[2022.02.02-00.07.50:298][756]LogAudioMixer: Display: Initializing Sound Submixes...
[2022.02.02-00.07.50:298][756]LogAudioMixer: Display: Creating Master Submix 'MasterSubmixDefault'
[2022.02.02-00.07.50:298][756]LogAudioMixer: Display: Creating Master Submix 'MasterReverbSubmixDefault'
[2022.02.02-00.07.50:298][756]LogAudioMixer: Display: Creating Master Submix 'MasterEQSubmixDefault'
[2022.02.02-00.07.50:298][756]LogAudioMixer: FMixerPlatformXAudio2::StartAudioStream() called
[2022.02.02-00.07.50:298][756]LogAudioMixer: Display: Output buffers initialized: Frames=1024, Channels=2, Samples=2048
[2022.02.02-00.07.50:299][756]LogAudioMixer: Display: Starting AudioMixerPlatformInterface::RunInternal()
[2022.02.02-00.07.50:299][756]LogAudioMixer: Display: FMixerPlatformXAudio2::SubmitBuffer() called for the first time
[2022.02.02-00.07.50:299][756]LogInit: FAudioDevice initialized.
[2022.02.02-00.07.50:299][756]LogAudio: Display: Audio Device (ID: 2) registered with world 'NewMap'.
[2022.02.02-00.07.50:311][756]LogLoad: Game class is 'GameModeBase'
[2022.02.02-00.07.50:313][756]LogWorld: Bringing World /Game/UEDPIE_0_NewMap.NewMap up for play (max tick rate 0) at 2022.02.01-19.07.50
[2022.02.02-00.07.50:313][756]LogWorld: Bringing up level for play took: 0.000876
[2022.02.02-00.07.50:314][756]LogOnline: OSS: Creating online subsystem instance for: :Context_5
[2022.02.02-00.07.50:317][756]LogNativeClassHierarchy: Verbose: Native class hierarchy updated for 'MovieSceneCapture' in 0.0004 seconds. Added 20 classes and 0 folders.
[2022.02.02-00.07.50:318][756]PIE: Server logged in
[2022.02.02-00.07.50:320][756]PIE: Play in editor total start time 0.056 seconds.
[2022.02.02-00.07.56:168][423]LogSlate: Updating window title bar state: overlay mode, drag disabled, window buttons hidden, title bar hidden
[2022.02.02-00.07.56:168][423]LogWorld: BeginTearingDown for /Game/UEDPIE_0_NewMap
[2022.02.02-00.07.56:169][423]LogWorld: UWorld::CleanupWorld for NewMap, bSessionEnded=true, bCleanupResources=true
[2022.02.02-00.07.56:169][423]LogSlate: InvalidateAllWidgets triggered.  All widgets were invalidated
[2022.02.02-00.07.56:181][423]LogPlayLevel: Display: Shutting down PIE online subsystems
[2022.02.02-00.07.56:202][423]LogSlate: InvalidateAllWidgets triggered.  All widgets were invalidated
[2022.02.02-00.07.56:224][423]LogAudio: Display: Audio Device unregistered from world 'None'.
[2022.02.02-00.07.56:224][423]LogAudioMixer: FMixerPlatformXAudio2::StopAudioStream() called
[2022.02.02-00.07.56:225][423]LogAudioMixer: FMixerPlatformXAudio2::StopAudioStream() called
[2022.02.02-00.07.56:226][423]LogSlate: Updating window title bar state: overlay mode, drag disabled, window buttons hidden, title bar hidden
[2022.02.02-00.07.56:243][423]LogUObjectHash: Compacting FUObjectHashTables data took   2.57ms
[2022.02.02-00.07.56:280][424]LogPlayLevel: Display: Destroying online subsystem :Context_5
